{"C:\\Users\\Asus\\Downloads\\crowdease-main\\src\\App.tsx": {"path":"C:\\Users\\Asus\\Downloads\\crowdease-main\\src\\App.tsx","statementMap":{"0":{"start":{"line":7,"column":6},"end":{"line":7,"column":null}},"1":{"start":{"line":7,"column":29},"end":{"line":7,"column":null}},"2":{"start":{"line":8,"column":6},"end":{"line":8,"column":null}},"3":{"start":{"line":8,"column":29},"end":{"line":8,"column":null}},"4":{"start":{"line":9,"column":6},"end":{"line":9,"column":null}},"5":{"start":{"line":9,"column":25},"end":{"line":9,"column":null}},"6":{"start":{"line":10,"column":6},"end":{"line":10,"column":null}},"7":{"start":{"line":10,"column":33},"end":{"line":10,"column":null}},"8":{"start":{"line":11,"column":6},"end":{"line":11,"column":null}},"9":{"start":{"line":11,"column":32},"end":{"line":11,"column":null}},"10":{"start":{"line":12,"column":6},"end":{"line":12,"column":null}},"11":{"start":{"line":12,"column":29},"end":{"line":12,"column":null}},"12":{"start":{"line":13,"column":6},"end":{"line":13,"column":null}},"13":{"start":{"line":13,"column":30},"end":{"line":13,"column":null}},"14":{"start":{"line":14,"column":6},"end":{"line":14,"column":null}},"15":{"start":{"line":14,"column":26},"end":{"line":14,"column":null}},"16":{"start":{"line":15,"column":6},"end":{"line":15,"column":null}},"17":{"start":{"line":15,"column":28},"end":{"line":15,"column":null}},"18":{"start":{"line":24,"column":4},"end":{"line":24,"column":null}},"19":{"start":{"line":25,"column":4},"end":{"line":25,"column":null}},"20":{"start":{"line":27,"column":38},"end":{"line":27,"column":null}},"21":{"start":{"line":29,"column":4},"end":{"line":42,"column":null}},"22":{"start":{"line":30,"column":6},"end":{"line":42,"column":null}},"23":{"start":{"line":36,"column":29},"end":{"line":36,"column":53}},"24":{"start":{"line":45,"column":4},"end":{"line":45,"column":null}},"25":{"start":{"line":50,"column":17},"end":{"line":50,"column":56}},"26":{"start":{"line":51,"column":2},"end":{"line":52,"column":null}},"27":{"start":{"line":52,"column":4},"end":{"line":52,"column":null}},"28":{"start":{"line":54,"column":2},"end":{"line":54,"column":null}},"29":{"start":{"line":58,"column":8},"end":{"line":58,"column":32}},"30":{"start":{"line":59,"column":18},"end":{"line":59,"column":null}},"31":{"start":{"line":60,"column":24},"end":{"line":60,"column":59}},"32":{"start":{"line":62,"column":2},"end":{"line":63,"column":null}},"33":{"start":{"line":63,"column":4},"end":{"line":63,"column":null}},"34":{"start":{"line":66,"column":2},"end":{"line":75,"column":null}},"35":{"start":{"line":68,"column":33},"end":{"line":68,"column":65}},"36":{"start":{"line":70,"column":55},"end":{"line":70,"column":82}},"37":{"start":{"line":81,"column":6},"end":{"line":84,"column":null}},"38":{"start":{"line":82,"column":2},"end":{"line":84,"column":null}},"39":{"start":{"line":88,"column":10},"end":{"line":88,"column":46}},"40":{"start":{"line":89,"column":2},"end":{"line":112,"column":null}},"41":{"start":{"line":117,"column":2},"end":{"line":120,"column":null}}},"fnMap":{"0":{"name":"(anonymous_0)","decl":{"start":{"line":7,"column":18},"end":{"line":7,"column":29}},"loc":{"start":{"line":7,"column":29},"end":{"line":7,"column":null}},"line":7},"1":{"name":"(anonymous_1)","decl":{"start":{"line":8,"column":18},"end":{"line":8,"column":29}},"loc":{"start":{"line":8,"column":29},"end":{"line":8,"column":null}},"line":8},"2":{"name":"(anonymous_2)","decl":{"start":{"line":9,"column":14},"end":{"line":9,"column":25}},"loc":{"start":{"line":9,"column":25},"end":{"line":9,"column":null}},"line":9},"3":{"name":"(anonymous_3)","decl":{"start":{"line":10,"column":22},"end":{"line":10,"column":33}},"loc":{"start":{"line":10,"column":33},"end":{"line":10,"column":null}},"line":10},"4":{"name":"(anonymous_4)","decl":{"start":{"line":11,"column":21},"end":{"line":11,"column":32}},"loc":{"start":{"line":11,"column":32},"end":{"line":11,"column":null}},"line":11},"5":{"name":"(anonymous_5)","decl":{"start":{"line":12,"column":18},"end":{"line":12,"column":29}},"loc":{"start":{"line":12,"column":29},"end":{"line":12,"column":null}},"line":12},"6":{"name":"(anonymous_6)","decl":{"start":{"line":13,"column":19},"end":{"line":13,"column":30}},"loc":{"start":{"line":13,"column":30},"end":{"line":13,"column":null}},"line":13},"7":{"name":"(anonymous_7)","decl":{"start":{"line":14,"column":15},"end":{"line":14,"column":26}},"loc":{"start":{"line":14,"column":26},"end":{"line":14,"column":null}},"line":14},"8":{"name":"(anonymous_8)","decl":{"start":{"line":15,"column":17},"end":{"line":15,"column":28}},"loc":{"start":{"line":15,"column":28},"end":{"line":15,"column":null}},"line":15},"9":{"name":"(anonymous_9)","decl":{"start":{"line":23,"column":2},"end":{"line":23,"column":14}},"loc":{"start":{"line":23,"column":46},"end":{"line":25,"column":null}},"line":23},"10":{"name":"(anonymous_10)","decl":{"start":{"line":27,"column":9},"end":{"line":27,"column":36}},"loc":{"start":{"line":27,"column":36},"end":{"line":27,"column":null}},"line":27},"11":{"name":"(anonymous_11)","decl":{"start":{"line":28,"column":2},"end":{"line":28,"column":11}},"loc":{"start":{"line":28,"column":11},"end":{"line":45,"column":null}},"line":28},"12":{"name":"(anonymous_12)","decl":{"start":{"line":36,"column":14},"end":{"line":36,"column":29}},"loc":{"start":{"line":36,"column":29},"end":{"line":36,"column":53}},"line":36},"13":{"name":"ProtectedRoute","decl":{"start":{"line":49,"column":9},"end":{"line":49,"column":24}},"loc":{"start":{"line":49,"column":69},"end":{"line":54,"column":null}},"line":49},"14":{"name":"AppLayout","decl":{"start":{"line":57,"column":9},"end":{"line":57,"column":19}},"loc":{"start":{"line":57,"column":64},"end":{"line":75,"column":null}},"line":57},"15":{"name":"(anonymous_15)","decl":{"start":{"line":68,"column":14},"end":{"line":68,"column":33}},"loc":{"start":{"line":68,"column":33},"end":{"line":68,"column":65}},"line":68},"16":{"name":"(anonymous_16)","decl":{"start":{"line":70,"column":40},"end":{"line":70,"column":55}},"loc":{"start":{"line":70,"column":55},"end":{"line":70,"column":82}},"line":70},"17":{"name":"(anonymous_17)","decl":{"start":{"line":81,"column":6},"end":{"line":81,"column":null}},"loc":{"start":{"line":82,"column":2},"end":{"line":84,"column":null}},"line":82},"18":{"name":"AppRoot","decl":{"start":{"line":87,"column":9},"end":{"line":87,"column":19}},"loc":{"start":{"line":87,"column":19},"end":{"line":112,"column":null}},"line":87},"19":{"name":"App","decl":{"start":{"line":116,"column":9},"end":{"line":116,"column":15}},"loc":{"start":{"line":116,"column":15},"end":{"line":120,"column":null}},"line":116}},"branchMap":{"0":{"loc":{"start":{"line":29,"column":4},"end":{"line":42,"column":null}},"type":"if","locations":[{"start":{"line":29,"column":4},"end":{"line":42,"column":null}},{"start":{},"end":{}}],"line":29},"1":{"loc":{"start":{"line":51,"column":2},"end":{"line":52,"column":null}},"type":"if","locations":[{"start":{"line":51,"column":2},"end":{"line":52,"column":null}},{"start":{},"end":{}}],"line":51},"2":{"loc":{"start":{"line":62,"column":2},"end":{"line":63,"column":null}},"type":"if","locations":[{"start":{"line":62,"column":2},"end":{"line":63,"column":null}},{"start":{},"end":{}}],"line":62},"3":{"loc":{"start":{"line":91,"column":35},"end":{"line":91,"column":null}},"type":"cond-expr","locations":[{"start":{"line":91,"column":51},"end":{"line":91,"column":62}},{"start":{"line":91,"column":62},"end":{"line":91,"column":null}}],"line":91}},"s":{"0":1,"1":0,"2":1,"3":0,"4":1,"5":1,"6":1,"7":0,"8":1,"9":0,"10":1,"11":0,"12":1,"13":0,"14":1,"15":0,"16":1,"17":0,"18":1,"19":1,"20":0,"21":1,"22":0,"23":0,"24":1,"25":1,"26":1,"27":1,"28":0,"29":3,"30":3,"31":3,"32":3,"33":1,"34":2,"35":0,"36":0,"37":1,"38":1,"39":1,"40":1,"41":1},"f":{"0":0,"1":0,"2":1,"3":0,"4":0,"5":0,"6":0,"7":0,"8":0,"9":1,"10":1,"11":1,"12":0,"13":1,"14":3,"15":0,"16":0,"17":1,"18":1,"19":1},"b":{"0":[0,1],"1":[1,0],"2":[1,2],"3":[0,1]},"meta":{"lastBranch":4,"lastFunction":20,"lastStatement":42,"seen":{"s:7:6:7:Infinity":0,"f:7:18:7:29":0,"s:7:29:7:Infinity":1,"s:8:6:8:Infinity":2,"f:8:18:8:29":1,"s:8:29:8:Infinity":3,"s:9:6:9:Infinity":4,"f:9:14:9:25":2,"s:9:25:9:Infinity":5,"s:10:6:10:Infinity":6,"f:10:22:10:33":3,"s:10:33:10:Infinity":7,"s:11:6:11:Infinity":8,"f:11:21:11:32":4,"s:11:32:11:Infinity":9,"s:12:6:12:Infinity":10,"f:12:18:12:29":5,"s:12:29:12:Infinity":11,"s:13:6:13:Infinity":12,"f:13:19:13:30":6,"s:13:30:13:Infinity":13,"s:14:6:14:Infinity":14,"f:14:15:14:26":7,"s:14:26:14:Infinity":15,"s:15:6:15:Infinity":16,"f:15:17:15:28":8,"s:15:28:15:Infinity":17,"f:23:2:23:14":9,"s:24:4:24:Infinity":18,"s:25:4:25:Infinity":19,"f:27:9:27:36":10,"s:27:38:27:Infinity":20,"f:28:2:28:11":11,"b:29:4:42:Infinity:undefined:undefined:undefined:undefined":0,"s:29:4:42:Infinity":21,"s:30:6:42:Infinity":22,"f:36:14:36:29":12,"s:36:29:36:53":23,"s:45:4:45:Infinity":24,"f:49:9:49:24":13,"s:50:17:50:56":25,"b:51:2:52:Infinity:undefined:undefined:undefined:undefined":1,"s:51:2:52:Infinity":26,"s:52:4:52:Infinity":27,"s:54:2:54:Infinity":28,"f:57:9:57:19":14,"s:58:8:58:32":29,"s:59:18:59:Infinity":30,"s:60:24:60:59":31,"b:62:2:63:Infinity:undefined:undefined:undefined:undefined":2,"s:62:2:63:Infinity":32,"s:63:4:63:Infinity":33,"s:66:2:75:Infinity":34,"f:68:14:68:33":15,"s:68:33:68:65":35,"f:70:40:70:55":16,"s:70:55:70:82":36,"s:81:6:84:Infinity":37,"f:81:6:81:Infinity":17,"s:82:2:84:Infinity":38,"f:87:9:87:19":18,"s:88:10:88:46":39,"s:89:2:112:Infinity":40,"b:91:51:91:62:91:62:91:Infinity":3,"f:116:9:116:15":19,"s:117:2:120:Infinity":41}}}
,"C:\\Users\\Asus\\Downloads\\crowdease-main\\src\\components\\Navbar.tsx": {"path":"C:\\Users\\Asus\\Downloads\\crowdease-main\\src\\components\\Navbar.tsx","statementMap":{"0":{"start":{"line":18,"column":25},"end":{"line":18,"column":67}},"1":{"start":{"line":19,"column":24},"end":{"line":21,"column":4}},"2":{"start":{"line":22,"column":21},"end":{"line":22,"column":53}},"3":{"start":{"line":23,"column":9},"end":{"line":29,"column":null}},"4":{"start":{"line":24,"column":23},"end":{"line":24,"column":58}},"5":{"start":{"line":25,"column":4},"end":{"line":26,"column":null}},"6":{"start":{"line":26,"column":6},"end":{"line":26,"column":null}},"7":{"start":{"line":28,"column":4},"end":{"line":28,"column":null}},"8":{"start":{"line":31,"column":2},"end":{"line":46,"column":null}},"9":{"start":{"line":32,"column":16},"end":{"line":44,"column":13}},"10":{"start":{"line":33,"column":23},"end":{"line":39,"column":null}},"11":{"start":{"line":40,"column":24},"end":{"line":40,"column":null}},"12":{"start":{"line":41,"column":19},"end":{"line":41,"column":null}},"13":{"start":{"line":43,"column":6},"end":{"line":43,"column":null}},"14":{"start":{"line":43,"column":31},"end":{"line":43,"column":111}},"15":{"start":{"line":45,"column":4},"end":{"line":45,"column":null}},"16":{"start":{"line":45,"column":17},"end":{"line":45,"column":35}},"17":{"start":{"line":48,"column":8},"end":{"line":49,"column":null}},"18":{"start":{"line":49,"column":4},"end":{"line":49,"column":null}},"19":{"start":{"line":49,"column":29},"end":{"line":49,"column":58}},"20":{"start":{"line":49,"column":46},"end":{"line":49,"column":58}},"21":{"start":{"line":52,"column":2},"end":{"line":164,"column":null}},"22":{"start":{"line":82,"column":28},"end":{"line":82,"column":47}},"23":{"start":{"line":100,"column":38},"end":{"line":100,"column":82}},"24":{"start":{"line":100,"column":82},"end":{"line":100,"column":122}},"25":{"start":{"line":100,"column":122},"end":{"line":100,"column":158}},"26":{"start":{"line":112,"column":29},"end":{"line":112,"column":49}},"27":{"start":{"line":125,"column":40},"end":{"line":125,"column":60}},"28":{"start":{"line":139,"column":22},"end":{"line":156,"column":null}},"29":{"start":{"line":153,"column":48},"end":{"line":153,"column":73}}},"fnMap":{"0":{"name":"Navbar","decl":{"start":{"line":17,"column":24},"end":{"line":17,"column":31}},"loc":{"start":{"line":17,"column":61},"end":{"line":164,"column":null}},"line":17},"1":{"name":"(anonymous_1)","decl":{"start":{"line":23,"column":17},"end":{"line":23,"column":32}},"loc":{"start":{"line":23,"column":32},"end":{"line":29,"column":null}},"line":23},"2":{"name":"(anonymous_2)","decl":{"start":{"line":31,"column":2},"end":{"line":31,"column":18}},"loc":{"start":{"line":31,"column":18},"end":{"line":46,"column":7}},"line":31},"3":{"name":"(anonymous_3)","decl":{"start":{"line":32,"column":16},"end":{"line":32,"column":34}},"loc":{"start":{"line":32,"column":34},"end":{"line":44,"column":13}},"line":32},"4":{"name":"(anonymous_4)","decl":{"start":{"line":43,"column":6},"end":{"line":43,"column":23}},"loc":{"start":{"line":43,"column":31},"end":{"line":43,"column":111}},"line":43},"5":{"name":"(anonymous_5)","decl":{"start":{"line":45,"column":4},"end":{"line":45,"column":17}},"loc":{"start":{"line":45,"column":17},"end":{"line":45,"column":35}},"line":45},"6":{"name":"(anonymous_6)","decl":{"start":{"line":48,"column":8},"end":{"line":48,"column":31}},"loc":{"start":{"line":48,"column":46},"end":{"line":49,"column":null}},"line":48},"7":{"name":"(anonymous_7)","decl":{"start":{"line":49,"column":4},"end":{"line":49,"column":21}},"loc":{"start":{"line":49,"column":29},"end":{"line":49,"column":58}},"line":49},"8":{"name":"(anonymous_8)","decl":{"start":{"line":49,"column":34},"end":{"line":49,"column":41}},"loc":{"start":{"line":49,"column":46},"end":{"line":49,"column":58}},"line":49},"9":{"name":"(anonymous_9)","decl":{"start":{"line":82,"column":13},"end":{"line":82,"column":28}},"loc":{"start":{"line":82,"column":28},"end":{"line":82,"column":47}},"line":82},"10":{"name":"(anonymous_10)","decl":{"start":{"line":100,"column":21},"end":{"line":100,"column":36}},"loc":{"start":{"line":100,"column":36},"end":{"line":100,"column":158}},"line":100},"11":{"name":"(anonymous_11)","decl":{"start":{"line":112,"column":14},"end":{"line":112,"column":29}},"loc":{"start":{"line":112,"column":29},"end":{"line":112,"column":49}},"line":112},"12":{"name":"(anonymous_12)","decl":{"start":{"line":125,"column":25},"end":{"line":125,"column":40}},"loc":{"start":{"line":125,"column":40},"end":{"line":125,"column":60}},"line":125},"13":{"name":"(anonymous_13)","decl":{"start":{"line":138,"column":35},"end":{"line":138,"column":39}},"loc":{"start":{"line":139,"column":22},"end":{"line":156,"column":null}},"line":139},"14":{"name":"(anonymous_14)","decl":{"start":{"line":153,"column":33},"end":{"line":153,"column":48}},"loc":{"start":{"line":153,"column":48},"end":{"line":153,"column":73}},"line":153}},"branchMap":{"0":{"loc":{"start":{"line":25,"column":4},"end":{"line":26,"column":null}},"type":"if","locations":[{"start":{"line":25,"column":4},"end":{"line":26,"column":null}},{"start":{},"end":{}}],"line":25},"1":{"loc":{"start":{"line":41,"column":19},"end":{"line":41,"column":null}},"type":"cond-expr","locations":[{"start":{"line":41,"column":53},"end":{"line":41,"column":63}},{"start":{"line":41,"column":63},"end":{"line":41,"column":null}}],"line":41},"2":{"loc":{"start":{"line":41,"column":63},"end":{"line":41,"column":null}},"type":"cond-expr","locations":[{"start":{"line":41,"column":127},"end":{"line":41,"column":139}},{"start":{"line":41,"column":139},"end":{"line":41,"column":null}}],"line":41},"3":{"loc":{"start":{"line":41,"column":63},"end":{"line":41,"column":124}},"type":"binary-expr","locations":[{"start":{"line":41,"column":63},"end":{"line":41,"column":90}},{"start":{"line":41,"column":94},"end":{"line":41,"column":124}}],"line":41},"4":{"loc":{"start":{"line":73,"column":80},"end":{"line":73,"column":null}},"type":"cond-expr","locations":[{"start":{"line":73,"column":96},"end":{"line":73,"column":159}},{"start":{"line":73,"column":159},"end":{"line":73,"column":null}}],"line":73},"5":{"loc":{"start":{"line":74,"column":20},"end":{"line":74,"column":null}},"type":"cond-expr","locations":[{"start":{"line":74,"column":36},"end":{"line":74,"column":54}},{"start":{"line":74,"column":54},"end":{"line":74,"column":null}}],"line":74},"6":{"loc":{"start":{"line":86,"column":14},"end":{"line":87,"column":null}},"type":"binary-expr","locations":[{"start":{"line":86,"column":14},"end":{"line":86,"column":null}},{"start":{"line":87,"column":16},"end":{"line":87,"column":null}}],"line":86},"7":{"loc":{"start":{"line":108,"column":9},"end":{"line":161,"column":null}},"type":"binary-expr","locations":[{"start":{"line":108,"column":9},"end":{"line":108,"column":null}},{"start":{"line":109,"column":10},"end":{"line":161,"column":null}}],"line":108},"8":{"loc":{"start":{"line":132,"column":21},"end":{"line":138,"column":35}},"type":"binary-expr","locations":[{"start":{"line":132,"column":21},"end":{"line":132,"column":null}},{"start":{"line":133,"column":23},"end":{"line":138,"column":35}}],"line":132},"9":{"loc":{"start":{"line":146,"column":26},"end":{"line":148,"column":null}},"type":"cond-expr","locations":[{"start":{"line":146,"column":47},"end":{"line":146,"column":null}},{"start":{"line":147,"column":26},"end":{"line":148,"column":null}}],"line":146},"10":{"loc":{"start":{"line":147,"column":26},"end":{"line":148,"column":null}},"type":"cond-expr","locations":[{"start":{"line":147,"column":49},"end":{"line":147,"column":null}},{"start":{"line":148,"column":26},"end":{"line":148,"column":null}}],"line":147},"11":{"loc":{"start":{"line":151,"column":77},"end":{"line":151,"column":186}},"type":"cond-expr","locations":[{"start":{"line":151,"column":98},"end":{"line":151,"column":116}},{"start":{"line":151,"column":116},"end":{"line":151,"column":186}}],"line":151},"12":{"loc":{"start":{"line":151,"column":116},"end":{"line":151,"column":186}},"type":"cond-expr","locations":[{"start":{"line":151,"column":139},"end":{"line":151,"column":156}},{"start":{"line":151,"column":156},"end":{"line":151,"column":186}}],"line":151}},"s":{"0":3,"1":3,"2":3,"3":3,"4":2,"5":2,"6":0,"7":2,"8":3,"9":2,"10":0,"11":0,"12":0,"13":0,"14":0,"15":2,"16":2,"17":3,"18":0,"19":0,"20":0,"21":3,"22":0,"23":0,"24":0,"25":0,"26":0,"27":0,"28":0,"29":0},"f":{"0":3,"1":2,"2":2,"3":0,"4":0,"5":2,"6":0,"7":0,"8":0,"9":0,"10":0,"11":0,"12":0,"13":0,"14":0},"b":{"0":[0,2],"1":[0,0],"2":[0,0],"3":[0,0],"4":[0,3],"5":[0,3],"6":[3,3],"7":[3,0],"8":[0,0],"9":[0,0],"10":[0,0],"11":[0,0],"12":[0,0]},"meta":{"lastBranch":13,"lastFunction":15,"lastStatement":30,"seen":{"f:17:24:17:31":0,"s:18:25:18:67":0,"s:19:24:21:4":1,"s:22:21:22:53":2,"s:23:9:29:Infinity":3,"f:23:17:23:32":1,"s:24:23:24:58":4,"b:25:4:26:Infinity:undefined:undefined:undefined:undefined":0,"s:25:4:26:Infinity":5,"s:26:6:26:Infinity":6,"s:28:4:28:Infinity":7,"s:31:2:46:Infinity":8,"f:31:2:31:18":2,"s:32:16:44:13":9,"f:32:16:32:34":3,"s:33:23:39:Infinity":10,"s:40:24:40:Infinity":11,"s:41:19:41:Infinity":12,"b:41:53:41:63:41:63:41:Infinity":1,"b:41:127:41:139:41:139:41:Infinity":2,"b:41:63:41:90:41:94:41:124":3,"s:43:6:43:Infinity":13,"f:43:6:43:23":4,"s:43:31:43:111":14,"s:45:4:45:Infinity":15,"f:45:4:45:17":5,"s:45:17:45:35":16,"s:48:8:49:Infinity":17,"f:48:8:48:31":6,"s:49:4:49:Infinity":18,"f:49:4:49:21":7,"s:49:29:49:58":19,"f:49:34:49:41":8,"s:49:46:49:58":20,"s:52:2:164:Infinity":21,"b:73:96:73:159:73:159:73:Infinity":4,"b:74:36:74:54:74:54:74:Infinity":5,"f:82:13:82:28":9,"s:82:28:82:47":22,"b:86:14:86:Infinity:87:16:87:Infinity":6,"f:100:21:100:36":10,"s:100:38:100:82":23,"s:100:82:100:122":24,"s:100:122:100:158":25,"b:108:9:108:Infinity:109:10:161:Infinity":7,"f:112:14:112:29":11,"s:112:29:112:49":26,"f:125:25:125:40":12,"s:125:40:125:60":27,"b:132:21:132:Infinity:133:23:138:35":8,"f:138:35:138:39":13,"s:139:22:156:Infinity":28,"b:146:47:146:Infinity:147:26:148:Infinity":9,"b:147:49:147:Infinity:148:26:148:Infinity":10,"b:151:98:151:116:151:116:151:186":11,"b:151:139:151:156:151:156:151:186":12,"f:153:33:153:48":14,"s:153:48:153:73":29}}}
,"C:\\Users\\Asus\\Downloads\\crowdease-main\\src\\components\\SafetyAdvisor.tsx": {"path":"C:\\Users\\Asus\\Downloads\\crowdease-main\\src\\components\\SafetyAdvisor.tsx","statementMap":{"0":{"start":{"line":15,"column":17},"end":{"line":15,"column":59}},"1":{"start":{"line":16,"column":18},"end":{"line":16,"column":47}},"2":{"start":{"line":17,"column":16},"end":{"line":17,"column":57}},"3":{"start":{"line":20,"column":17},"end":{"line":20,"column":null}},"4":{"start":{"line":22,"column":2},"end":{"line":27,"column":null}},"5":{"start":{"line":23,"column":4},"end":{"line":24,"column":null}},"6":{"start":{"line":24,"column":6},"end":{"line":24,"column":null}},"7":{"start":{"line":29,"column":25},"end":{"line":75,"column":null}},"8":{"start":{"line":30,"column":4},"end":{"line":30,"column":null}},"9":{"start":{"line":31,"column":4},"end":{"line":31,"column":null}},"10":{"start":{"line":32,"column":4},"end":{"line":75,"column":null}},"11":{"start":{"line":36,"column":24},"end":{"line":36,"column":56}},"12":{"start":{"line":37,"column":28},"end":{"line":37,"column":56}},"13":{"start":{"line":38,"column":24},"end":{"line":38,"column":55}},"14":{"start":{"line":40,"column":21},"end":{"line":45,"column":null}},"15":{"start":{"line":52,"column":6},"end":{"line":68,"column":null}},"16":{"start":{"line":54,"column":8},"end":{"line":54,"column":null}},"17":{"start":{"line":54,"column":37},"end":{"line":54,"column":62}},"18":{"start":{"line":55,"column":32},"end":{"line":59,"column":null}},"19":{"start":{"line":61,"column":8},"end":{"line":61,"column":null}},"20":{"start":{"line":63,"column":22},"end":{"line":63,"column":52}},"21":{"start":{"line":64,"column":22},"end":{"line":64,"column":77}},"22":{"start":{"line":66,"column":23},"end":{"line":66,"column":58}},"23":{"start":{"line":67,"column":25},"end":{"line":67,"column":null}},"24":{"start":{"line":68,"column":8},"end":{"line":68,"column":null}},"25":{"start":{"line":72,"column":6},"end":{"line":72,"column":null}},"26":{"start":{"line":73,"column":6},"end":{"line":73,"column":null}},"27":{"start":{"line":75,"column":6},"end":{"line":75,"column":null}},"28":{"start":{"line":79,"column":2},"end":{"line":79,"column":null}},"29":{"start":{"line":79,"column":31},"end":{"line":79,"column":null}},"30":{"start":{"line":81,"column":2},"end":{"line":134,"column":null}}},"fnMap":{"0":{"name":"SafetyAdvisor","decl":{"start":{"line":14,"column":24},"end":{"line":14,"column":38}},"loc":{"start":{"line":14,"column":112},"end":{"line":134,"column":null}},"line":14},"1":{"name":"(anonymous_1)","decl":{"start":{"line":22,"column":2},"end":{"line":22,"column":18}},"loc":{"start":{"line":22,"column":18},"end":{"line":27,"column":6}},"line":22},"2":{"name":"(anonymous_2)","decl":{"start":{"line":29,"column":25},"end":{"line":29,"column":37}},"loc":{"start":{"line":29,"column":37},"end":{"line":75,"column":null}},"line":29},"3":{"name":"(anonymous_3)","decl":{"start":{"line":54,"column":18},"end":{"line":54,"column":26}},"loc":{"start":{"line":54,"column":37},"end":{"line":54,"column":62}},"line":54}},"branchMap":{"0":{"loc":{"start":{"line":23,"column":4},"end":{"line":24,"column":null}},"type":"if","locations":[{"start":{"line":23,"column":4},"end":{"line":24,"column":null}},{"start":{},"end":{}}],"line":23},"1":{"loc":{"start":{"line":23,"column":8},"end":{"line":23,"column":31}},"type":"binary-expr","locations":[{"start":{"line":23,"column":8},"end":{"line":23,"column":23}},{"start":{"line":23,"column":23},"end":{"line":23,"column":31}}],"line":23},"2":{"loc":{"start":{"line":45,"column":25},"end":{"line":45,"column":null}},"type":"binary-expr","locations":[{"start":{"line":45,"column":25},"end":{"line":45,"column":38}},{"start":{"line":45,"column":38},"end":{"line":45,"column":null}}],"line":45},"3":{"loc":{"start":{"line":52,"column":6},"end":{"line":68,"column":null}},"type":"if","locations":[{"start":{"line":52,"column":6},"end":{"line":68,"column":null}},{"start":{"line":62,"column":13},"end":{"line":68,"column":null}}],"line":52},"4":{"loc":{"start":{"line":79,"column":2},"end":{"line":79,"column":null}},"type":"if","locations":[{"start":{"line":79,"column":2},"end":{"line":79,"column":null}},{"start":{},"end":{}}],"line":79},"5":{"loc":{"start":{"line":79,"column":6},"end":{"line":79,"column":31}},"type":"binary-expr","locations":[{"start":{"line":79,"column":6},"end":{"line":79,"column":22}},{"start":{"line":79,"column":22},"end":{"line":79,"column":31}}],"line":79},"6":{"loc":{"start":{"line":102,"column":9},"end":{"line":128,"column":null}},"type":"cond-expr","locations":[{"start":{"line":103,"column":10},"end":{"line":107,"column":null}},{"start":{"line":107,"column":12},"end":{"line":128,"column":null}}],"line":102},"7":{"loc":{"start":{"line":107,"column":12},"end":{"line":128,"column":null}},"type":"cond-expr","locations":[{"start":{"line":108,"column":10},"end":{"line":112,"column":null}},{"start":{"line":112,"column":12},"end":{"line":128,"column":null}}],"line":107},"8":{"loc":{"start":{"line":112,"column":12},"end":{"line":128,"column":null}},"type":"cond-expr","locations":[{"start":{"line":113,"column":10},"end":{"line":126,"column":11}},{"start":{"line":126,"column":10},"end":{"line":128,"column":null}}],"line":112},"9":{"loc":{"start":{"line":132,"column":7},"end":{"line":134,"column":null}},"type":"binary-expr","locations":[{"start":{"line":132,"column":7},"end":{"line":132,"column":null}},{"start":{"line":133,"column":8},"end":{"line":134,"column":null}}],"line":132}},"s":{"0":2,"1":2,"2":2,"3":2,"4":2,"5":2,"6":0,"7":2,"8":0,"9":0,"10":0,"11":0,"12":0,"13":0,"14":0,"15":0,"16":0,"17":0,"18":0,"19":0,"20":0,"21":0,"22":0,"23":0,"24":0,"25":0,"26":0,"27":0,"28":2,"29":1,"30":1},"f":{"0":2,"1":2,"2":0,"3":0},"b":{"0":[0,2],"1":[2,1],"2":[0,0],"3":[0,0],"4":[1,1],"5":[2,1],"6":[0,1],"7":[0,1],"8":[0,1],"9":[2,1]},"meta":{"lastBranch":10,"lastFunction":4,"lastStatement":31,"seen":{"f:14:24:14:38":0,"s:15:17:15:59":0,"s:16:18:16:47":1,"s:17:16:17:57":2,"s:20:17:20:Infinity":3,"s:22:2:27:Infinity":4,"f:22:2:22:18":1,"b:23:4:24:Infinity:undefined:undefined:undefined:undefined":0,"s:23:4:24:Infinity":5,"b:23:8:23:23:23:23:23:31":1,"s:24:6:24:Infinity":6,"s:29:25:75:Infinity":7,"f:29:25:29:37":2,"s:30:4:30:Infinity":8,"s:31:4:31:Infinity":9,"s:32:4:75:Infinity":10,"s:36:24:36:56":11,"s:37:28:37:56":12,"s:38:24:38:55":13,"s:40:21:45:Infinity":14,"b:45:25:45:38:45:38:45:Infinity":2,"b:52:6:68:Infinity:62:13:68:Infinity":3,"s:52:6:68:Infinity":15,"s:54:8:54:Infinity":16,"f:54:18:54:26":3,"s:54:37:54:62":17,"s:55:32:59:Infinity":18,"s:61:8:61:Infinity":19,"s:63:22:63:52":20,"s:64:22:64:77":21,"s:66:23:66:58":22,"s:67:25:67:Infinity":23,"s:68:8:68:Infinity":24,"s:72:6:72:Infinity":25,"s:73:6:73:Infinity":26,"s:75:6:75:Infinity":27,"b:79:2:79:Infinity:undefined:undefined:undefined:undefined":4,"s:79:2:79:Infinity":28,"b:79:6:79:22:79:22:79:31":5,"s:79:31:79:Infinity":29,"s:81:2:134:Infinity":30,"b:103:10:107:Infinity:107:12:128:Infinity":6,"b:108:10:112:Infinity:112:12:128:Infinity":7,"b:113:10:126:11:126:10:128:Infinity":8,"b:132:7:132:Infinity:133:8:134:Infinity":9}}}
,"C:\\Users\\Asus\\Downloads\\crowdease-main\\src\\components\\SafetyAgent.tsx": {"path":"C:\\Users\\Asus\\Downloads\\crowdease-main\\src\\components\\SafetyAgent.tsx","statementMap":{"0":{"start":{"line":11,"column":17},"end":{"line":11,"column":45}},"1":{"start":{"line":12,"column":18},"end":{"line":12,"column":47}},"2":{"start":{"line":13,"column":17},"end":{"line":13,"column":45}},"3":{"start":{"line":15,"column":15},"end":{"line":15,"column":null}},"4":{"start":{"line":16,"column":2},"end":{"line":17,"column":null}},"5":{"start":{"line":16,"column":19},"end":{"line":16,"column":null}},"6":{"start":{"line":17,"column":11},"end":{"line":17,"column":null}},"7":{"start":{"line":17,"column":25},"end":{"line":17,"column":null}},"8":{"start":{"line":27,"column":6},"end":{"line":35,"column":null}},"9":{"start":{"line":37,"column":8},"end":{"line":43,"column":null}},"10":{"start":{"line":38,"column":4},"end":{"line":38,"column":null}},"11":{"start":{"line":39,"column":4},"end":{"line":43,"column":null}},"12":{"start":{"line":40,"column":6},"end":{"line":40,"column":null}},"13":{"start":{"line":41,"column":6},"end":{"line":41,"column":null}},"14":{"start":{"line":42,"column":6},"end":{"line":42,"column":null}},"15":{"start":{"line":42,"column":23},"end":{"line":42,"column":39}},"16":{"start":{"line":46,"column":2},"end":{"line":97,"column":null}},"17":{"start":{"line":47,"column":25},"end":{"line":47,"column":null}},"18":{"start":{"line":48,"column":4},"end":{"line":71,"column":null}},"19":{"start":{"line":72,"column":13},"end":{"line":97,"column":null}},"20":{"start":{"line":73,"column":24},"end":{"line":73,"column":null}},"21":{"start":{"line":74,"column":4},"end":{"line":97,"column":null}},"22":{"start":{"line":100,"column":2},"end":{"line":127,"column":null}}},"fnMap":{"0":{"name":"SafetyAgent","decl":{"start":{"line":10,"column":24},"end":{"line":10,"column":36}},"loc":{"start":{"line":10,"column":78},"end":{"line":127,"column":null}},"line":10},"1":{"name":"(anonymous_1)","decl":{"start":{"line":37,"column":8},"end":{"line":37,"column":27}},"loc":{"start":{"line":37,"column":27},"end":{"line":43,"column":null}},"line":37},"2":{"name":"(anonymous_2)","decl":{"start":{"line":39,"column":4},"end":{"line":39,"column":21}},"loc":{"start":{"line":39,"column":21},"end":{"line":43,"column":12}},"line":39},"3":{"name":"(anonymous_3)","decl":{"start":{"line":42,"column":6},"end":{"line":42,"column":23}},"loc":{"start":{"line":42,"column":23},"end":{"line":42,"column":39}},"line":42}},"branchMap":{"0":{"loc":{"start":{"line":16,"column":2},"end":{"line":17,"column":null}},"type":"if","locations":[{"start":{"line":16,"column":2},"end":{"line":17,"column":null}},{"start":{"line":17,"column":11},"end":{"line":17,"column":null}}],"line":16},"1":{"loc":{"start":{"line":17,"column":11},"end":{"line":17,"column":null}},"type":"if","locations":[{"start":{"line":17,"column":11},"end":{"line":17,"column":null}},{"start":{},"end":{}}],"line":17},"2":{"loc":{"start":{"line":46,"column":2},"end":{"line":97,"column":null}},"type":"if","locations":[{"start":{"line":46,"column":2},"end":{"line":97,"column":null}},{"start":{"line":72,"column":13},"end":{"line":97,"column":null}}],"line":46},"3":{"loc":{"start":{"line":47,"column":25},"end":{"line":47,"column":null}},"type":"cond-expr","locations":[{"start":{"line":47,"column":41},"end":{"line":47,"column":52}},{"start":{"line":47,"column":52},"end":{"line":47,"column":null}}],"line":47},"4":{"loc":{"start":{"line":58,"column":20},"end":{"line":58,"column":null}},"type":"binary-expr","locations":[{"start":{"line":58,"column":20},"end":{"line":58,"column":31}},{"start":{"line":58,"column":31},"end":{"line":58,"column":null}}],"line":58},"5":{"loc":{"start":{"line":59,"column":124},"end":{"line":59,"column":271}},"type":"cond-expr","locations":[{"start":{"line":59,"column":133},"end":{"line":59,"column":193}},{"start":{"line":59,"column":193},"end":{"line":59,"column":271}}],"line":59},"6":{"loc":{"start":{"line":62,"column":11},"end":{"line":67,"column":null}},"type":"cond-expr","locations":[{"start":{"line":63,"column":13},"end":{"line":63,"column":null}},{"start":{"line":64,"column":14},"end":{"line":67,"column":null}}],"line":62},"7":{"loc":{"start":{"line":64,"column":14},"end":{"line":67,"column":null}},"type":"cond-expr","locations":[{"start":{"line":65,"column":13},"end":{"line":65,"column":null}},{"start":{"line":67,"column":13},"end":{"line":67,"column":null}}],"line":64},"8":{"loc":{"start":{"line":72,"column":13},"end":{"line":97,"column":null}},"type":"if","locations":[{"start":{"line":72,"column":13},"end":{"line":97,"column":null}},{"start":{},"end":{}}],"line":72},"9":{"loc":{"start":{"line":73,"column":24},"end":{"line":73,"column":null}},"type":"cond-expr","locations":[{"start":{"line":73,"column":41},"end":{"line":73,"column":52}},{"start":{"line":73,"column":52},"end":{"line":73,"column":null}}],"line":73},"10":{"loc":{"start":{"line":84,"column":20},"end":{"line":84,"column":null}},"type":"binary-expr","locations":[{"start":{"line":84,"column":20},"end":{"line":84,"column":31}},{"start":{"line":84,"column":31},"end":{"line":84,"column":null}}],"line":84},"11":{"loc":{"start":{"line":85,"column":124},"end":{"line":85,"column":275}},"type":"cond-expr","locations":[{"start":{"line":85,"column":133},"end":{"line":85,"column":193}},{"start":{"line":85,"column":193},"end":{"line":85,"column":275}}],"line":85},"12":{"loc":{"start":{"line":88,"column":12},"end":{"line":93,"column":null}},"type":"cond-expr","locations":[{"start":{"line":89,"column":13},"end":{"line":89,"column":null}},{"start":{"line":90,"column":14},"end":{"line":93,"column":null}}],"line":88},"13":{"loc":{"start":{"line":90,"column":14},"end":{"line":93,"column":null}},"type":"cond-expr","locations":[{"start":{"line":91,"column":13},"end":{"line":91,"column":null}},{"start":{"line":93,"column":13},"end":{"line":93,"column":null}}],"line":90}},"s":{"0":1,"1":1,"2":1,"3":1,"4":1,"5":0,"6":1,"7":1,"8":1,"9":1,"10":0,"11":0,"12":0,"13":0,"14":0,"15":0,"16":1,"17":0,"18":0,"19":1,"20":1,"21":1,"22":1},"f":{"0":1,"1":0,"2":0,"3":0},"b":{"0":[0,1],"1":[1,0],"2":[0,1],"3":[0,0],"4":[0,0],"5":[0,0],"6":[0,0],"7":[0,0],"8":[1,0],"9":[1,0],"10":[1,1],"11":[0,1],"12":[0,1],"13":[0,1]},"meta":{"lastBranch":14,"lastFunction":4,"lastStatement":23,"seen":{"f:10:24:10:36":0,"s:11:17:11:45":0,"s:12:18:12:47":1,"s:13:17:13:45":2,"s:15:15:15:Infinity":3,"b:16:2:17:Infinity:17:11:17:Infinity":0,"s:16:2:17:Infinity":4,"s:16:19:16:Infinity":5,"b:17:11:17:Infinity:undefined:undefined:undefined:undefined":1,"s:17:11:17:Infinity":6,"s:17:25:17:Infinity":7,"s:27:6:35:Infinity":8,"s:37:8:43:Infinity":9,"f:37:8:37:27":1,"s:38:4:38:Infinity":10,"s:39:4:43:Infinity":11,"f:39:4:39:21":2,"s:40:6:40:Infinity":12,"s:41:6:41:Infinity":13,"s:42:6:42:Infinity":14,"f:42:6:42:23":3,"s:42:23:42:39":15,"b:46:2:97:Infinity:72:13:97:Infinity":2,"s:46:2:97:Infinity":16,"s:47:25:47:Infinity":17,"b:47:41:47:52:47:52:47:Infinity":3,"s:48:4:71:Infinity":18,"b:58:20:58:31:58:31:58:Infinity":4,"b:59:133:59:193:59:193:59:271":5,"b:63:13:63:Infinity:64:14:67:Infinity":6,"b:65:13:65:Infinity:67:13:67:Infinity":7,"b:72:13:97:Infinity:undefined:undefined:undefined:undefined":8,"s:72:13:97:Infinity":19,"s:73:24:73:Infinity":20,"b:73:41:73:52:73:52:73:Infinity":9,"s:74:4:97:Infinity":21,"b:84:20:84:31:84:31:84:Infinity":10,"b:85:133:85:193:85:193:85:275":11,"b:89:13:89:Infinity:90:14:93:Infinity":12,"b:91:13:91:Infinity:93:13:93:Infinity":13,"s:100:2:127:Infinity":22}}}
,"C:\\Users\\Asus\\Downloads\\crowdease-main\\src\\components\\Sidebar.tsx": {"path":"C:\\Users\\Asus\\Downloads\\crowdease-main\\src\\components\\Sidebar.tsx","statementMap":{"0":{"start":{"line":11,"column":16},"end":{"line":20,"column":null}},"1":{"start":{"line":22,"column":8},"end":{"line":24,"column":null}},"2":{"start":{"line":23,"column":4},"end":{"line":23,"column":null}},"3":{"start":{"line":24,"column":4},"end":{"line":24,"column":null}},"4":{"start":{"line":28,"column":4},"end":{"line":67,"column":null}},"5":{"start":{"line":41,"column":10},"end":{"line":55,"column":null}},"6":{"start":{"line":44,"column":29},"end":{"line":44,"column":null}},"7":{"start":{"line":44,"column":59},"end":{"line":44,"column":null}},"8":{"start":{"line":46,"column":14},"end":{"line":49,"column":null}},"9":{"start":{"line":73,"column":2},"end":{"line":101,"column":null}}},"fnMap":{"0":{"name":"Sidebar","decl":{"start":{"line":10,"column":24},"end":{"line":10,"column":32}},"loc":{"start":{"line":10,"column":67},"end":{"line":101,"column":null}},"line":10},"1":{"name":"(anonymous_1)","decl":{"start":{"line":22,"column":8},"end":{"line":22,"column":29}},"loc":{"start":{"line":22,"column":29},"end":{"line":24,"column":null}},"line":22},"2":{"name":"(anonymous_2)","decl":{"start":{"line":40,"column":15},"end":{"line":40,"column":20}},"loc":{"start":{"line":41,"column":10},"end":{"line":55,"column":null}},"line":41},"3":{"name":"(anonymous_3)","decl":{"start":{"line":44,"column":12},"end":{"line":44,"column":27}},"loc":{"start":{"line":44,"column":27},"end":{"line":44,"column":null}},"line":44},"4":{"name":"(anonymous_4)","decl":{"start":{"line":45,"column":12},"end":{"line":45,"column":24}},"loc":{"start":{"line":46,"column":14},"end":{"line":49,"column":null}},"line":46}},"branchMap":{"0":{"loc":{"start":{"line":44,"column":29},"end":{"line":44,"column":null}},"type":"if","locations":[{"start":{"line":44,"column":29},"end":{"line":44,"column":null}},{"start":{},"end":{}}],"line":44},"1":{"loc":{"start":{"line":47,"column":16},"end":{"line":49,"column":null}},"type":"cond-expr","locations":[{"start":{"line":48,"column":20},"end":{"line":48,"column":null}},{"start":{"line":49,"column":20},"end":{"line":49,"column":null}}],"line":47},"2":{"loc":{"start":{"line":80,"column":9},"end":{"line":98,"column":null}},"type":"binary-expr","locations":[{"start":{"line":80,"column":9},"end":{"line":80,"column":null}},{"start":{"line":81,"column":10},"end":{"line":98,"column":null}}],"line":80}},"s":{"0":2,"1":2,"2":0,"3":0,"4":2,"5":16,"6":0,"7":0,"8":16,"9":2},"f":{"0":2,"1":0,"2":16,"3":0,"4":16},"b":{"0":[0,0],"1":[1,15],"2":[2,0]},"meta":{"lastBranch":3,"lastFunction":5,"lastStatement":10,"seen":{"f:10:24:10:32":0,"s:11:16:20:Infinity":0,"s:22:8:24:Infinity":1,"f:22:8:22:29":1,"s:23:4:23:Infinity":2,"s:24:4:24:Infinity":3,"s:28:4:67:Infinity":4,"f:40:15:40:20":2,"s:41:10:55:Infinity":5,"f:44:12:44:27":3,"b:44:29:44:Infinity:undefined:undefined:undefined:undefined":0,"s:44:29:44:Infinity":6,"s:44:59:44:Infinity":7,"f:45:12:45:24":4,"s:46:14:49:Infinity":8,"b:48:20:48:Infinity:49:20:49:Infinity":1,"s:73:2:101:Infinity":9,"b:80:9:80:Infinity:81:10:98:Infinity":2}}}
,"C:\\Users\\Asus\\Downloads\\crowdease-main\\src\\contexts\\AccessibilityContext.tsx": {"path":"C:\\Users\\Asus\\Downloads\\crowdease-main\\src\\contexts\\AccessibilityContext.tsx","statementMap":{"0":{"start":{"line":5,"column":24},"end":{"line":5,"column":59}},"1":{"start":{"line":6,"column":23},"end":{"line":6,"column":57}},"2":{"start":{"line":7,"column":20},"end":{"line":7,"column":47}},"3":{"start":{"line":9,"column":8},"end":{"line":9,"column":61}},"4":{"start":{"line":9,"column":36},"end":{"line":9,"column":61}},"5":{"start":{"line":9,"column":58},"end":{"line":9,"column":61}},"6":{"start":{"line":10,"column":8},"end":{"line":10,"column":59}},"7":{"start":{"line":10,"column":35},"end":{"line":10,"column":59}},"8":{"start":{"line":10,"column":56},"end":{"line":10,"column":59}},"9":{"start":{"line":12,"column":2},"end":{"line":19,"column":null}},"10":{"start":{"line":13,"column":4},"end":{"line":13,"column":null}},"11":{"start":{"line":14,"column":4},"end":{"line":17,"column":null}},"12":{"start":{"line":15,"column":6},"end":{"line":15,"column":null}},"13":{"start":{"line":17,"column":6},"end":{"line":17,"column":null}},"14":{"start":{"line":21,"column":2},"end":{"line":33,"column":null}}},"fnMap":{"0":{"name":"AccessibilityProvider","decl":{"start":{"line":4,"column":16},"end":{"line":4,"column":38}},"loc":{"start":{"line":4,"column":77},"end":{"line":33,"column":null}},"line":4},"1":{"name":"(anonymous_1)","decl":{"start":{"line":9,"column":8},"end":{"line":9,"column":36}},"loc":{"start":{"line":9,"column":36},"end":{"line":9,"column":61}},"line":9},"2":{"name":"(anonymous_2)","decl":{"start":{"line":9,"column":36},"end":{"line":9,"column":53}},"loc":{"start":{"line":9,"column":58},"end":{"line":9,"column":61}},"line":9},"3":{"name":"(anonymous_3)","decl":{"start":{"line":10,"column":8},"end":{"line":10,"column":35}},"loc":{"start":{"line":10,"column":35},"end":{"line":10,"column":59}},"line":10},"4":{"name":"(anonymous_4)","decl":{"start":{"line":10,"column":35},"end":{"line":10,"column":51}},"loc":{"start":{"line":10,"column":56},"end":{"line":10,"column":59}},"line":10},"5":{"name":"(anonymous_5)","decl":{"start":{"line":12,"column":2},"end":{"line":12,"column":18}},"loc":{"start":{"line":12,"column":18},"end":{"line":19,"column":6}},"line":12}},"branchMap":{"0":{"loc":{"start":{"line":14,"column":4},"end":{"line":17,"column":null}},"type":"if","locations":[{"start":{"line":14,"column":4},"end":{"line":17,"column":null}},{"start":{"line":16,"column":11},"end":{"line":17,"column":null}}],"line":14},"1":{"loc":{"start":{"line":30,"column":66},"end":{"line":30,"column":null}},"type":"cond-expr","locations":[{"start":{"line":30,"column":81},"end":{"line":30,"column":99}},{"start":{"line":30,"column":99},"end":{"line":30,"column":null}}],"line":30}},"s":{"0":3,"1":3,"2":3,"3":3,"4":0,"5":0,"6":3,"7":0,"8":0,"9":3,"10":3,"11":3,"12":0,"13":3,"14":3},"f":{"0":3,"1":0,"2":0,"3":0,"4":0,"5":3},"b":{"0":[0,3],"1":[0,3]},"meta":{"lastBranch":2,"lastFunction":6,"lastStatement":15,"seen":{"f:4:16:4:38":0,"s:5:24:5:59":0,"s:6:23:6:57":1,"s:7:20:7:47":2,"s:9:8:9:61":3,"f:9:8:9:36":1,"s:9:36:9:61":4,"f:9:36:9:53":2,"s:9:58:9:61":5,"s:10:8:10:59":6,"f:10:8:10:35":3,"s:10:35:10:59":7,"f:10:35:10:51":4,"s:10:56:10:59":8,"s:12:2:19:Infinity":9,"f:12:2:12:18":5,"s:13:4:13:Infinity":10,"b:14:4:17:Infinity:16:11:17:Infinity":0,"s:14:4:17:Infinity":11,"s:15:6:15:Infinity":12,"s:17:6:17:Infinity":13,"s:21:2:33:Infinity":14,"b:30:81:30:99:30:99:30:Infinity":1}}}
,"C:\\Users\\Asus\\Downloads\\crowdease-main\\src\\contexts\\AccessibilityTypes.ts": {"path":"C:\\Users\\Asus\\Downloads\\crowdease-main\\src\\contexts\\AccessibilityTypes.ts","statementMap":{"0":{"start":{"line":12,"column":13},"end":{"line":19,"column":2}},"1":{"start":{"line":21,"column":13},"end":{"line":21,"column":70}}},"fnMap":{"0":{"name":"(anonymous_0)","decl":{"start":{"line":16,"column":2},"end":{"line":16,"column":29}},"loc":{"start":{"line":16,"column":29},"end":{"line":16,"column":null}},"line":16},"1":{"name":"(anonymous_1)","decl":{"start":{"line":17,"column":2},"end":{"line":17,"column":28}},"loc":{"start":{"line":17,"column":28},"end":{"line":17,"column":null}},"line":17},"2":{"name":"(anonymous_2)","decl":{"start":{"line":18,"column":2},"end":{"line":18,"column":22}},"loc":{"start":{"line":18,"column":22},"end":{"line":18,"column":null}},"line":18},"3":{"name":"(anonymous_3)","decl":{"start":{"line":21,"column":13},"end":{"line":21,"column":38}},"loc":{"start":{"line":21,"column":13},"end":{"line":21,"column":70}},"line":21}},"branchMap":{},"s":{"0":3,"1":4},"f":{"0":0,"1":0,"2":0,"3":4},"b":{},"meta":{"lastBranch":0,"lastFunction":4,"lastStatement":2,"seen":{"s:12:13:19:2":0,"f:16:2:16:29":0,"f:17:2:17:28":1,"f:18:2:18:22":2,"s:21:13:21:70":1,"f:21:13:21:38":3}}}
,"C:\\Users\\Asus\\Downloads\\crowdease-main\\src\\hooks\\useCrowdLogic.ts": {"path":"C:\\Users\\Asus\\Downloads\\crowdease-main\\src\\hooks\\useCrowdLogic.ts","statementMap":{"0":{"start":{"line":5,"column":15},"end":{"line":11,"column":4}},"1":{"start":{"line":14,"column":8},"end":{"line":14,"column":63}},"2":{"start":{"line":16,"column":2},"end":{"line":58,"column":null}},"3":{"start":{"line":17,"column":16},"end":{"line":53,"column":12}},"4":{"start":{"line":18,"column":6},"end":{"line":52,"column":null}},"5":{"start":{"line":19,"column":22},"end":{"line":19,"column":null}},"6":{"start":{"line":22,"column":21},"end":{"line":22,"column":null}},"7":{"start":{"line":25,"column":8},"end":{"line":26,"column":null}},"8":{"start":{"line":26,"column":10},"end":{"line":26,"column":null}},"9":{"start":{"line":29,"column":23},"end":{"line":29,"column":null}},"10":{"start":{"line":30,"column":8},"end":{"line":30,"column":null}},"11":{"start":{"line":32,"column":8},"end":{"line":32,"column":null}},"12":{"start":{"line":34,"column":8},"end":{"line":35,"column":null}},"13":{"start":{"line":35,"column":10},"end":{"line":35,"column":null}},"14":{"start":{"line":39,"column":25},"end":{"line":39,"column":106}},"15":{"start":{"line":42,"column":14},"end":{"line":42,"column":79}},"16":{"start":{"line":44,"column":8},"end":{"line":51,"column":null}},"17":{"start":{"line":55,"column":4},"end":{"line":56,"column":null}},"18":{"start":{"line":56,"column":6},"end":{"line":56,"column":null}},"19":{"start":{"line":60,"column":2},"end":{"line":60,"column":null}}},"fnMap":{"0":{"name":"useCrowdLogic","decl":{"start":{"line":4,"column":16},"end":{"line":4,"column":32}},"loc":{"start":{"line":4,"column":32},"end":{"line":60,"column":null}},"line":4},"1":{"name":"(anonymous_1)","decl":{"start":{"line":16,"column":2},"end":{"line":16,"column":18}},"loc":{"start":{"line":16,"column":18},"end":{"line":58,"column":7}},"line":16},"2":{"name":"(anonymous_2)","decl":{"start":{"line":17,"column":16},"end":{"line":17,"column":34}},"loc":{"start":{"line":17,"column":34},"end":{"line":53,"column":12}},"line":17},"3":{"name":"(anonymous_3)","decl":{"start":{"line":18,"column":6},"end":{"line":18,"column":14}},"loc":{"start":{"line":18,"column":22},"end":{"line":52,"column":null}},"line":18},"4":{"name":"(anonymous_4)","decl":{"start":{"line":55,"column":4},"end":{"line":55,"column":17}},"loc":{"start":{"line":55,"column":17},"end":{"line":56,"column":null}},"line":55}},"branchMap":{"0":{"loc":{"start":{"line":25,"column":8},"end":{"line":26,"column":null}},"type":"if","locations":[{"start":{"line":25,"column":8},"end":{"line":26,"column":null}},{"start":{},"end":{}}],"line":25},"1":{"loc":{"start":{"line":34,"column":8},"end":{"line":35,"column":null}},"type":"if","locations":[{"start":{"line":34,"column":8},"end":{"line":35,"column":null}},{"start":{},"end":{}}],"line":34}},"s":{"0":3,"1":3,"2":3,"3":3,"4":0,"5":0,"6":0,"7":0,"8":0,"9":0,"10":0,"11":0,"12":0,"13":0,"14":0,"15":0,"16":0,"17":3,"18":3,"19":3},"f":{"0":3,"1":3,"2":0,"3":0,"4":3},"b":{"0":[0,0],"1":[0,0]},"meta":{"lastBranch":2,"lastFunction":5,"lastStatement":20,"seen":{"f:4:16:4:32":0,"s:5:15:11:4":0,"s:14:8:14:63":1,"s:16:2:58:Infinity":2,"f:16:2:16:18":1,"s:17:16:53:12":3,"f:17:16:17:34":2,"s:18:6:52:Infinity":4,"f:18:6:18:14":3,"s:19:22:19:Infinity":5,"s:22:21:22:Infinity":6,"b:25:8:26:Infinity:undefined:undefined:undefined:undefined":0,"s:25:8:26:Infinity":7,"s:26:10:26:Infinity":8,"s:29:23:29:Infinity":9,"s:30:8:30:Infinity":10,"s:32:8:32:Infinity":11,"b:34:8:35:Infinity:undefined:undefined:undefined:undefined":1,"s:34:8:35:Infinity":12,"s:35:10:35:Infinity":13,"s:39:25:39:106":14,"s:42:14:42:79":15,"s:44:8:51:Infinity":16,"s:55:4:56:Infinity":17,"f:55:4:55:17":4,"s:56:6:56:Infinity":18,"s:60:2:60:Infinity":19}}}
,"C:\\Users\\Asus\\Downloads\\crowdease-main\\src\\logic\\densityEngine.ts": {"path":"C:\\Users\\Asus\\Downloads\\crowdease-main\\src\\logic\\densityEngine.ts","statementMap":{"0":{"start":{"line":19,"column":33},"end":{"line":19,"column":null}},"1":{"start":{"line":25,"column":24},"end":{"line":25,"column":73}},"2":{"start":{"line":25,"column":40},"end":{"line":25,"column":73}},"3":{"start":{"line":27,"column":2},"end":{"line":27,"column":null}},"4":{"start":{"line":27,"column":22},"end":{"line":27,"column":null}},"5":{"start":{"line":29,"column":2},"end":{"line":35,"column":null}},"6":{"start":{"line":30,"column":4},"end":{"line":35,"column":null}},"7":{"start":{"line":38,"column":2},"end":{"line":44,"column":null}},"8":{"start":{"line":39,"column":4},"end":{"line":44,"column":null}},"9":{"start":{"line":47,"column":2},"end":{"line":47,"column":null}},"10":{"start":{"line":55,"column":2},"end":{"line":55,"column":null}},"11":{"start":{"line":55,"column":26},"end":{"line":55,"column":null}},"12":{"start":{"line":57,"column":8},"end":{"line":57,"column":null}},"13":{"start":{"line":58,"column":19},"end":{"line":58,"column":null}},"14":{"start":{"line":60,"column":2},"end":{"line":60,"column":null}},"15":{"start":{"line":72,"column":25},"end":{"line":72,"column":44}},"16":{"start":{"line":74,"column":2},"end":{"line":78,"column":null}},"17":{"start":{"line":75,"column":4},"end":{"line":76,"column":null}},"18":{"start":{"line":76,"column":6},"end":{"line":76,"column":null}},"19":{"start":{"line":78,"column":4},"end":{"line":78,"column":null}},"20":{"start":{"line":81,"column":2},"end":{"line":82,"column":null}},"21":{"start":{"line":82,"column":4},"end":{"line":82,"column":null}},"22":{"start":{"line":85,"column":2},"end":{"line":86,"column":null}},"23":{"start":{"line":86,"column":4},"end":{"line":86,"column":null}},"24":{"start":{"line":89,"column":2},"end":{"line":89,"column":null}}},"fnMap":{"0":{"name":"calculateReroute","decl":{"start":{"line":24,"column":16},"end":{"line":24,"column":33}},"loc":{"start":{"line":24,"column":72},"end":{"line":47,"column":null}},"line":24},"1":{"name":"(anonymous_1)","decl":{"start":{"line":25,"column":30},"end":{"line":25,"column":35}},"loc":{"start":{"line":25,"column":40},"end":{"line":25,"column":73}},"line":25},"2":{"name":"getPredictivePressure","decl":{"start":{"line":54,"column":16},"end":{"line":54,"column":38}},"loc":{"start":{"line":54,"column":91},"end":{"line":60,"column":null}},"line":54},"3":{"name":"translateIntent","decl":{"start":{"line":71,"column":16},"end":{"line":71,"column":32}},"loc":{"start":{"line":71,"column":73},"end":{"line":89,"column":null}},"line":71}},"branchMap":{"0":{"loc":{"start":{"line":27,"column":2},"end":{"line":27,"column":null}},"type":"if","locations":[{"start":{"line":27,"column":2},"end":{"line":27,"column":null}},{"start":{},"end":{}}],"line":27},"1":{"loc":{"start":{"line":29,"column":2},"end":{"line":35,"column":null}},"type":"if","locations":[{"start":{"line":29,"column":2},"end":{"line":35,"column":null}},{"start":{},"end":{}}],"line":29},"2":{"loc":{"start":{"line":38,"column":2},"end":{"line":44,"column":null}},"type":"if","locations":[{"start":{"line":38,"column":2},"end":{"line":44,"column":null}},{"start":{},"end":{}}],"line":38},"3":{"loc":{"start":{"line":55,"column":2},"end":{"line":55,"column":null}},"type":"if","locations":[{"start":{"line":55,"column":2},"end":{"line":55,"column":null}},{"start":{},"end":{}}],"line":55},"4":{"loc":{"start":{"line":74,"column":2},"end":{"line":78,"column":null}},"type":"if","locations":[{"start":{"line":74,"column":2},"end":{"line":78,"column":null}},{"start":{},"end":{}}],"line":74},"5":{"loc":{"start":{"line":74,"column":6},"end":{"line":74,"column":83}},"type":"binary-expr","locations":[{"start":{"line":74,"column":6},"end":{"line":74,"column":37}},{"start":{"line":74,"column":41},"end":{"line":74,"column":83}}],"line":74},"6":{"loc":{"start":{"line":75,"column":4},"end":{"line":76,"column":null}},"type":"if","locations":[{"start":{"line":75,"column":4},"end":{"line":76,"column":null}},{"start":{},"end":{}}],"line":75},"7":{"loc":{"start":{"line":81,"column":2},"end":{"line":82,"column":null}},"type":"if","locations":[{"start":{"line":81,"column":2},"end":{"line":82,"column":null}},{"start":{},"end":{}}],"line":81},"8":{"loc":{"start":{"line":81,"column":6},"end":{"line":81,"column":78}},"type":"binary-expr","locations":[{"start":{"line":81,"column":6},"end":{"line":81,"column":41}},{"start":{"line":81,"column":45},"end":{"line":81,"column":78}}],"line":81},"9":{"loc":{"start":{"line":85,"column":2},"end":{"line":86,"column":null}},"type":"if","locations":[{"start":{"line":85,"column":2},"end":{"line":86,"column":null}},{"start":{},"end":{}}],"line":85},"10":{"loc":{"start":{"line":85,"column":6},"end":{"line":85,"column":71}},"type":"binary-expr","locations":[{"start":{"line":85,"column":6},"end":{"line":85,"column":37}},{"start":{"line":85,"column":41},"end":{"line":85,"column":71}}],"line":85}},"s":{"0":3,"1":0,"2":0,"3":0,"4":0,"5":0,"6":0,"7":0,"8":0,"9":0,"10":0,"11":0,"12":0,"13":0,"14":0,"15":0,"16":0,"17":0,"18":0,"19":0,"20":0,"21":0,"22":0,"23":0,"24":0},"f":{"0":0,"1":0,"2":0,"3":0},"b":{"0":[0,0],"1":[0,0],"2":[0,0],"3":[0,0],"4":[0,0],"5":[0,0],"6":[0,0],"7":[0,0],"8":[0,0],"9":[0,0],"10":[0,0]},"meta":{"lastBranch":11,"lastFunction":4,"lastStatement":25,"seen":{"s:19:33:19:Infinity":0,"f:24:16:24:33":0,"s:25:24:25:73":1,"f:25:30:25:35":1,"s:25:40:25:73":2,"b:27:2:27:Infinity:undefined:undefined:undefined:undefined":0,"s:27:2:27:Infinity":3,"s:27:22:27:Infinity":4,"b:29:2:35:Infinity:undefined:undefined:undefined:undefined":1,"s:29:2:35:Infinity":5,"s:30:4:35:Infinity":6,"b:38:2:44:Infinity:undefined:undefined:undefined:undefined":2,"s:38:2:44:Infinity":7,"s:39:4:44:Infinity":8,"s:47:2:47:Infinity":9,"f:54:16:54:38":2,"b:55:2:55:Infinity:undefined:undefined:undefined:undefined":3,"s:55:2:55:Infinity":10,"s:55:26:55:Infinity":11,"s:57:8:57:Infinity":12,"s:58:19:58:Infinity":13,"s:60:2:60:Infinity":14,"f:71:16:71:32":3,"s:72:25:72:44":15,"b:74:2:78:Infinity:undefined:undefined:undefined:undefined":4,"s:74:2:78:Infinity":16,"b:74:6:74:37:74:41:74:83":5,"b:75:4:76:Infinity:undefined:undefined:undefined:undefined":6,"s:75:4:76:Infinity":17,"s:76:6:76:Infinity":18,"s:78:4:78:Infinity":19,"b:81:2:82:Infinity:undefined:undefined:undefined:undefined":7,"s:81:2:82:Infinity":20,"b:81:6:81:41:81:45:81:78":8,"s:82:4:82:Infinity":21,"b:85:2:86:Infinity:undefined:undefined:undefined:undefined":9,"s:85:2:86:Infinity":22,"b:85:6:85:37:85:41:85:71":10,"s:86:4:86:Infinity":23,"s:89:2:89:Infinity":24}}}
,"C:\\Users\\Asus\\Downloads\\crowdease-main\\src\\pages\\Analytics.tsx": {"path":"C:\\Users\\Asus\\Downloads\\crowdease-main\\src\\pages\\Analytics.tsx","statementMap":{"0":{"start":{"line":7,"column":8},"end":{"line":7,"column":30}},"1":{"start":{"line":10,"column":25},"end":{"line":10,"column":null}},"2":{"start":{"line":11,"column":28},"end":{"line":11,"column":null}},"3":{"start":{"line":12,"column":8},"end":{"line":12,"column":null}},"4":{"start":{"line":14,"column":8},"end":{"line":14,"column":null}},"5":{"start":{"line":16,"column":8},"end":{"line":19,"column":36}},"6":{"start":{"line":18,"column":4},"end":{"line":18,"column":null}},"7":{"start":{"line":21,"column":8},"end":{"line":23,"column":35}},"8":{"start":{"line":22,"column":4},"end":{"line":22,"column":null}},"9":{"start":{"line":24,"column":2},"end":{"line":163,"column":null}},"10":{"start":{"line":116,"column":15},"end":{"line":123,"column":null}}},"fnMap":{"0":{"name":"Analytics","decl":{"start":{"line":6,"column":24},"end":{"line":6,"column":36}},"loc":{"start":{"line":6,"column":36},"end":{"line":163,"column":null}},"line":6},"1":{"name":"(anonymous_1)","decl":{"start":{"line":16,"column":18},"end":{"line":16,"column":32}},"loc":{"start":{"line":16,"column":32},"end":{"line":19,"column":6}},"line":16},"2":{"name":"(anonymous_2)","decl":{"start":{"line":21,"column":21},"end":{"line":21,"column":35}},"loc":{"start":{"line":21,"column":35},"end":{"line":23,"column":6}},"line":21},"3":{"name":"(anonymous_3)","decl":{"start":{"line":115,"column":22},"end":{"line":115,"column":27}},"loc":{"start":{"line":116,"column":15},"end":{"line":123,"column":null}},"line":116}},"branchMap":{"0":{"loc":{"start":{"line":22,"column":65},"end":{"line":22,"column":94}},"type":"cond-expr","locations":[{"start":{"line":22,"column":86},"end":{"line":22,"column":91}},{"start":{"line":22,"column":91},"end":{"line":22,"column":94}}],"line":22},"1":{"loc":{"start":{"line":121,"column":82},"end":{"line":121,"column":null}},"type":"cond-expr","locations":[{"start":{"line":121,"column":93},"end":{"line":121,"column":149}},{"start":{"line":121,"column":149},"end":{"line":121,"column":null}}],"line":121},"2":{"loc":{"start":{"line":150,"column":26},"end":{"line":150,"column":null}},"type":"cond-expr","locations":[{"start":{"line":150,"column":44},"end":{"line":150,"column":56}},{"start":{"line":150,"column":56},"end":{"line":150,"column":null}}],"line":150}},"s":{"0":1,"1":1,"2":1,"3":1,"4":1,"5":1,"6":1,"7":1,"8":1,"9":1,"10":12},"f":{"0":1,"1":1,"2":1,"3":12},"b":{"0":[0,1],"1":[2,10],"2":[0,1]},"meta":{"lastBranch":3,"lastFunction":4,"lastStatement":11,"seen":{"f:6:24:6:36":0,"s:7:8:7:30":0,"s:10:25:10:Infinity":1,"s:11:28:11:Infinity":2,"s:12:8:12:Infinity":3,"s:14:8:14:Infinity":4,"s:16:8:19:36":5,"f:16:18:16:32":1,"s:18:4:18:Infinity":6,"s:21:8:23:35":7,"f:21:21:21:35":2,"s:22:4:22:Infinity":8,"b:22:86:22:91:22:91:22:94":0,"s:24:2:163:Infinity":9,"f:115:22:115:27":3,"s:116:15:123:Infinity":10,"b:121:93:121:149:121:149:121:Infinity":1,"b:150:44:150:56:150:56:150:Infinity":2}}}
,"C:\\Users\\Asus\\Downloads\\crowdease-main\\src\\pages\\Dashboard.tsx": {"path":"C:\\Users\\Asus\\Downloads\\crowdease-main\\src\\pages\\Dashboard.tsx","statementMap":{"0":{"start":{"line":12,"column":8},"end":{"line":12,"column":30}},"1":{"start":{"line":13,"column":8},"end":{"line":13,"column":32}},"2":{"start":{"line":14,"column":9},"end":{"line":23,"column":null}},"3":{"start":{"line":15,"column":23},"end":{"line":15,"column":58}},"4":{"start":{"line":16,"column":4},"end":{"line":19,"column":null}},"5":{"start":{"line":17,"column":21},"end":{"line":17,"column":43}},"6":{"start":{"line":18,"column":8},"end":{"line":19,"column":null}},"7":{"start":{"line":19,"column":12},"end":{"line":19,"column":null}},"8":{"start":{"line":22,"column":4},"end":{"line":22,"column":null}},"9":{"start":{"line":25,"column":21},"end":{"line":25,"column":null}},"10":{"start":{"line":28,"column":21},"end":{"line":28,"column":null}},"11":{"start":{"line":29,"column":21},"end":{"line":29,"column":null}},"12":{"start":{"line":30,"column":21},"end":{"line":30,"column":null}},"13":{"start":{"line":31,"column":21},"end":{"line":31,"column":null}},"14":{"start":{"line":33,"column":2},"end":{"line":178,"column":null}},"15":{"start":{"line":156,"column":29},"end":{"line":156,"column":50}},"16":{"start":{"line":174,"column":14},"end":{"line":176,"column":null}}},"fnMap":{"0":{"name":"Dashboard","decl":{"start":{"line":11,"column":24},"end":{"line":11,"column":36}},"loc":{"start":{"line":11,"column":36},"end":{"line":178,"column":null}},"line":11},"1":{"name":"(anonymous_1)","decl":{"start":{"line":14,"column":24},"end":{"line":14,"column":39}},"loc":{"start":{"line":14,"column":39},"end":{"line":23,"column":null}},"line":14},"2":{"name":"(anonymous_2)","decl":{"start":{"line":156,"column":14},"end":{"line":156,"column":29}},"loc":{"start":{"line":156,"column":29},"end":{"line":156,"column":50}},"line":156},"3":{"name":"(anonymous_3)","decl":{"start":{"line":173,"column":82},"end":{"line":173,"column":87}},"loc":{"start":{"line":174,"column":14},"end":{"line":176,"column":null}},"line":174}},"branchMap":{"0":{"loc":{"start":{"line":16,"column":4},"end":{"line":19,"column":null}},"type":"if","locations":[{"start":{"line":16,"column":4},"end":{"line":19,"column":null}},{"start":{},"end":{}}],"line":16},"1":{"loc":{"start":{"line":18,"column":8},"end":{"line":19,"column":null}},"type":"if","locations":[{"start":{"line":18,"column":8},"end":{"line":19,"column":null}},{"start":{},"end":{}}],"line":18},"2":{"loc":{"start":{"line":28,"column":21},"end":{"line":28,"column":null}},"type":"cond-expr","locations":[{"start":{"line":28,"column":42},"end":{"line":28,"column":54}},{"start":{"line":28,"column":54},"end":{"line":28,"column":null}}],"line":28},"3":{"loc":{"start":{"line":28,"column":54},"end":{"line":28,"column":null}},"type":"cond-expr","locations":[{"start":{"line":28,"column":76},"end":{"line":28,"column":88}},{"start":{"line":28,"column":88},"end":{"line":28,"column":null}}],"line":28},"4":{"loc":{"start":{"line":29,"column":21},"end":{"line":29,"column":null}},"type":"cond-expr","locations":[{"start":{"line":29,"column":42},"end":{"line":29,"column":54}},{"start":{"line":29,"column":54},"end":{"line":29,"column":null}}],"line":29},"5":{"loc":{"start":{"line":29,"column":54},"end":{"line":29,"column":null}},"type":"cond-expr","locations":[{"start":{"line":29,"column":76},"end":{"line":29,"column":88}},{"start":{"line":29,"column":88},"end":{"line":29,"column":null}}],"line":29},"6":{"loc":{"start":{"line":30,"column":21},"end":{"line":30,"column":null}},"type":"cond-expr","locations":[{"start":{"line":30,"column":42},"end":{"line":30,"column":67}},{"start":{"line":30,"column":67},"end":{"line":30,"column":null}}],"line":30},"7":{"loc":{"start":{"line":30,"column":67},"end":{"line":30,"column":null}},"type":"cond-expr","locations":[{"start":{"line":30,"column":89},"end":{"line":30,"column":114}},{"start":{"line":30,"column":114},"end":{"line":30,"column":null}}],"line":30},"8":{"loc":{"start":{"line":31,"column":21},"end":{"line":31,"column":null}},"type":"cond-expr","locations":[{"start":{"line":31,"column":42},"end":{"line":31,"column":67}},{"start":{"line":31,"column":67},"end":{"line":31,"column":null}}],"line":31},"9":{"loc":{"start":{"line":31,"column":67},"end":{"line":31,"column":null}},"type":"cond-expr","locations":[{"start":{"line":31,"column":89},"end":{"line":31,"column":114}},{"start":{"line":31,"column":114},"end":{"line":31,"column":null}}],"line":31},"10":{"loc":{"start":{"line":139,"column":13},"end":{"line":141,"column":null}},"type":"binary-expr","locations":[{"start":{"line":139,"column":13},"end":{"line":139,"column":null}},{"start":{"line":140,"column":14},"end":{"line":141,"column":null}}],"line":139},"11":{"loc":{"start":{"line":147,"column":76},"end":{"line":147,"column":128}},"type":"cond-expr","locations":[{"start":{"line":147,"column":89},"end":{"line":147,"column":108}},{"start":{"line":147,"column":108},"end":{"line":147,"column":128}}],"line":147},"12":{"loc":{"start":{"line":151,"column":53},"end":{"line":151,"column":106}},"type":"cond-expr","locations":[{"start":{"line":151,"column":66},"end":{"line":151,"column":85}},{"start":{"line":151,"column":85},"end":{"line":151,"column":106}}],"line":151},"13":{"loc":{"start":{"line":157,"column":131},"end":{"line":157,"column":null}},"type":"cond-expr","locations":[{"start":{"line":157,"column":144},"end":{"line":157,"column":178}},{"start":{"line":157,"column":178},"end":{"line":157,"column":null}}],"line":157},"14":{"loc":{"start":{"line":159,"column":43},"end":{"line":159,"column":103}},"type":"cond-expr","locations":[{"start":{"line":159,"column":56},"end":{"line":159,"column":75}},{"start":{"line":159,"column":75},"end":{"line":159,"column":103}}],"line":159},"15":{"loc":{"start":{"line":175,"column":65},"end":{"line":175,"column":null}},"type":"cond-expr","locations":[{"start":{"line":175,"column":76},"end":{"line":175,"column":122}},{"start":{"line":175,"column":122},"end":{"line":175,"column":null}}],"line":175}},"s":{"0":1,"1":1,"2":1,"3":1,"4":1,"5":0,"6":0,"7":0,"8":1,"9":1,"10":1,"11":1,"12":1,"13":1,"14":1,"15":0,"16":17},"f":{"0":1,"1":1,"2":0,"3":17},"b":{"0":[0,1],"1":[0,0],"2":[0,1],"3":[1,0],"4":[0,1],"5":[0,1],"6":[0,1],"7":[1,0],"8":[0,1],"9":[0,1],"10":[1,0],"11":[0,1],"12":[0,1],"13":[0,1],"14":[0,1],"15":[4,13]},"meta":{"lastBranch":16,"lastFunction":4,"lastStatement":17,"seen":{"f:11:24:11:36":0,"s:12:8:12:30":0,"s:13:8:13:32":1,"s:14:9:23:Infinity":2,"f:14:24:14:39":1,"s:15:23:15:58":3,"b:16:4:19:Infinity:undefined:undefined:undefined:undefined":0,"s:16:4:19:Infinity":4,"s:17:21:17:43":5,"b:18:8:19:Infinity:undefined:undefined:undefined:undefined":1,"s:18:8:19:Infinity":6,"s:19:12:19:Infinity":7,"s:22:4:22:Infinity":8,"s:25:21:25:Infinity":9,"s:28:21:28:Infinity":10,"b:28:42:28:54:28:54:28:Infinity":2,"b:28:76:28:88:28:88:28:Infinity":3,"s:29:21:29:Infinity":11,"b:29:42:29:54:29:54:29:Infinity":4,"b:29:76:29:88:29:88:29:Infinity":5,"s:30:21:30:Infinity":12,"b:30:42:30:67:30:67:30:Infinity":6,"b:30:89:30:114:30:114:30:Infinity":7,"s:31:21:31:Infinity":13,"b:31:42:31:67:31:67:31:Infinity":8,"b:31:89:31:114:31:114:31:Infinity":9,"s:33:2:178:Infinity":14,"b:139:13:139:Infinity:140:14:141:Infinity":10,"b:147:89:147:108:147:108:147:128":11,"b:151:66:151:85:151:85:151:106":12,"f:156:14:156:29":2,"s:156:29:156:50":15,"b:157:144:157:178:157:178:157:Infinity":13,"b:159:56:159:75:159:75:159:103":14,"f:173:82:173:87":3,"s:174:14:176:Infinity":16,"b:175:76:175:122:175:122:175:Infinity":15}}}
,"C:\\Users\\Asus\\Downloads\\crowdease-main\\src\\pages\\Login.tsx": {"path":"C:\\Users\\Asus\\Downloads\\crowdease-main\\src\\pages\\Login.tsx","statementMap":{"0":{"start":{"line":8,"column":18},"end":{"line":8,"column":47}},"1":{"start":{"line":9,"column":19},"end":{"line":9,"column":49}},"2":{"start":{"line":10,"column":19},"end":{"line":14,"column":4}},"3":{"start":{"line":15,"column":8},"end":{"line":15,"column":32}},"4":{"start":{"line":17,"column":8},"end":{"line":38,"column":null}},"5":{"start":{"line":18,"column":4},"end":{"line":18,"column":null}},"6":{"start":{"line":19,"column":4},"end":{"line":19,"column":null}},"7":{"start":{"line":19,"column":69},"end":{"line":19,"column":null}},"8":{"start":{"line":20,"column":4},"end":{"line":20,"column":null}},"9":{"start":{"line":20,"column":79},"end":{"line":20,"column":null}},"10":{"start":{"line":21,"column":4},"end":{"line":23,"column":null}},"11":{"start":{"line":22,"column":6},"end":{"line":22,"column":null}},"12":{"start":{"line":23,"column":6},"end":{"line":23,"column":null}},"13":{"start":{"line":26,"column":4},"end":{"line":26,"column":null}},"14":{"start":{"line":27,"column":4},"end":{"line":38,"column":null}},"15":{"start":{"line":29,"column":21},"end":{"line":34,"column":null}},"16":{"start":{"line":35,"column":8},"end":{"line":35,"column":null}},"17":{"start":{"line":36,"column":8},"end":{"line":36,"column":null}},"18":{"start":{"line":37,"column":8},"end":{"line":37,"column":null}},"19":{"start":{"line":41,"column":8},"end":{"line":53,"column":null}},"20":{"start":{"line":42,"column":4},"end":{"line":42,"column":null}},"21":{"start":{"line":43,"column":4},"end":{"line":53,"column":null}},"22":{"start":{"line":44,"column":21},"end":{"line":49,"column":null}},"23":{"start":{"line":50,"column":8},"end":{"line":50,"column":null}},"24":{"start":{"line":51,"column":8},"end":{"line":51,"column":null}},"25":{"start":{"line":52,"column":8},"end":{"line":52,"column":null}},"26":{"start":{"line":56,"column":2},"end":{"line":204,"column":null}},"27":{"start":{"line":128,"column":37},"end":{"line":128,"column":85}},"28":{"start":{"line":146,"column":33},"end":{"line":146,"column":82}},"29":{"start":{"line":162,"column":33},"end":{"line":162,"column":85}},"30":{"start":{"line":199,"column":29},"end":{"line":199,"column":51}}},"fnMap":{"0":{"name":"Login","decl":{"start":{"line":7,"column":24},"end":{"line":7,"column":32}},"loc":{"start":{"line":7,"column":32},"end":{"line":204,"column":null}},"line":7},"1":{"name":"(anonymous_1)","decl":{"start":{"line":17,"column":8},"end":{"line":17,"column":23}},"loc":{"start":{"line":17,"column":46},"end":{"line":38,"column":null}},"line":17},"2":{"name":"(anonymous_2)","decl":{"start":{"line":27,"column":4},"end":{"line":27,"column":21}},"loc":{"start":{"line":27,"column":21},"end":{"line":38,"column":12}},"line":27},"3":{"name":"(anonymous_3)","decl":{"start":{"line":41,"column":8},"end":{"line":41,"column":34}},"loc":{"start":{"line":41,"column":34},"end":{"line":53,"column":null}},"line":41},"4":{"name":"(anonymous_4)","decl":{"start":{"line":43,"column":4},"end":{"line":43,"column":21}},"loc":{"start":{"line":43,"column":21},"end":{"line":53,"column":12}},"line":43},"5":{"name":"(anonymous_5)","decl":{"start":{"line":128,"column":20},"end":{"line":128,"column":31}},"loc":{"start":{"line":128,"column":37},"end":{"line":128,"column":85}},"line":128},"6":{"name":"(anonymous_6)","decl":{"start":{"line":146,"column":16},"end":{"line":146,"column":27}},"loc":{"start":{"line":146,"column":33},"end":{"line":146,"column":82}},"line":146},"7":{"name":"(anonymous_7)","decl":{"start":{"line":162,"column":16},"end":{"line":162,"column":27}},"loc":{"start":{"line":162,"column":33},"end":{"line":162,"column":85}},"line":162},"8":{"name":"(anonymous_8)","decl":{"start":{"line":199,"column":14},"end":{"line":199,"column":29}},"loc":{"start":{"line":199,"column":29},"end":{"line":199,"column":51}},"line":199}},"branchMap":{"0":{"loc":{"start":{"line":19,"column":4},"end":{"line":19,"column":null}},"type":"if","locations":[{"start":{"line":19,"column":4},"end":{"line":19,"column":null}},{"start":{},"end":{}}],"line":19},"1":{"loc":{"start":{"line":19,"column":8},"end":{"line":19,"column":69}},"type":"binary-expr","locations":[{"start":{"line":19,"column":8},"end":{"line":19,"column":21}},{"start":{"line":19,"column":21},"end":{"line":19,"column":39}},{"start":{"line":19,"column":39},"end":{"line":19,"column":69}}],"line":19},"2":{"loc":{"start":{"line":20,"column":4},"end":{"line":20,"column":null}},"type":"if","locations":[{"start":{"line":20,"column":4},"end":{"line":20,"column":null}},{"start":{},"end":{}}],"line":20},"3":{"loc":{"start":{"line":20,"column":8},"end":{"line":20,"column":77}},"type":"binary-expr","locations":[{"start":{"line":20,"column":8},"end":{"line":20,"column":27}},{"start":{"line":20,"column":27},"end":{"line":20,"column":77}}],"line":20},"4":{"loc":{"start":{"line":21,"column":4},"end":{"line":23,"column":null}},"type":"if","locations":[{"start":{"line":21,"column":4},"end":{"line":23,"column":null}},{"start":{},"end":{}}],"line":21},"5":{"loc":{"start":{"line":21,"column":8},"end":{"line":21,"column":60}},"type":"binary-expr","locations":[{"start":{"line":21,"column":8},"end":{"line":21,"column":30}},{"start":{"line":21,"column":30},"end":{"line":21,"column":60}}],"line":21},"6":{"loc":{"start":{"line":30,"column":37},"end":{"line":30,"column":93}},"type":"cond-expr","locations":[{"start":{"line":30,"column":48},"end":{"line":30,"column":64}},{"start":{"line":30,"column":64},"end":{"line":30,"column":93}}],"line":30},"7":{"loc":{"start":{"line":76,"column":13},"end":{"line":76,"column":null}},"type":"cond-expr","locations":[{"start":{"line":76,"column":24},"end":{"line":76,"column":43}},{"start":{"line":76,"column":43},"end":{"line":76,"column":null}}],"line":76},"8":{"loc":{"start":{"line":111,"column":13},"end":{"line":113,"column":null}},"type":"binary-expr","locations":[{"start":{"line":111,"column":13},"end":{"line":111,"column":null}},{"start":{"line":112,"column":14},"end":{"line":113,"column":null}}],"line":111},"9":{"loc":{"start":{"line":173,"column":13},"end":{"line":178,"column":null}},"type":"cond-expr","locations":[{"start":{"line":174,"column":16},"end":{"line":176,"column":null}},{"start":{"line":176,"column":14},"end":{"line":178,"column":null}}],"line":173},"10":{"loc":{"start":{"line":177,"column":17},"end":{"line":177,"column":57}},"type":"cond-expr","locations":[{"start":{"line":177,"column":28},"end":{"line":177,"column":47}},{"start":{"line":177,"column":47},"end":{"line":177,"column":57}}],"line":177},"11":{"loc":{"start":{"line":182,"column":11},"end":{"line":190,"column":null}},"type":"binary-expr","locations":[{"start":{"line":182,"column":11},"end":{"line":182,"column":null}},{"start":{"line":183,"column":12},"end":{"line":190,"column":null}}],"line":182},"12":{"loc":{"start":{"line":202,"column":15},"end":{"line":202,"column":null}},"type":"cond-expr","locations":[{"start":{"line":202,"column":26},"end":{"line":202,"column":63}},{"start":{"line":202,"column":63},"end":{"line":202,"column":null}}],"line":202}},"s":{"0":1,"1":1,"2":1,"3":1,"4":1,"5":1,"6":1,"7":1,"8":1,"9":1,"10":1,"11":0,"12":0,"13":0,"14":0,"15":0,"16":0,"17":0,"18":0,"19":0,"20":0,"21":0,"22":0,"23":1,"24":0,"25":0,"26":0,"27":0,"28":1,"29":1,"30":1},"f":{"0":1,"1":1,"2":0,"3":0,"4":0,"5":0,"6":1,"7":1,"8":1},"b":{"0":[1,0],"1":[1,1,1],"2":[1,0],"3":[1,1],"4":[0,1],"5":[1,0],"6":[0,0],"7":[1,1],"8":[1,1],"9":[1,0],"10":[0,0],"11":[1,1],"12":[1,0]},"meta":{"lastBranch":13,"lastFunction":9,"lastStatement":31,"seen":{"f:7:24:7:32":0,"s:8:18:8:47":0,"s:9:19:9:49":1,"s:10:19:14:4":2,"s:15:8:15:32":3,"s:17:8:38:Infinity":4,"f:17:8:17:23":1,"s:18:4:18:Infinity":5,"b:19:4:19:Infinity:undefined:undefined:undefined:undefined":0,"s:19:4:19:Infinity":6,"b:19:8:19:21:19:21:19:39:19:39:19:69":1,"s:19:69:19:Infinity":7,"b:20:4:20:Infinity:undefined:undefined:undefined:undefined":2,"s:20:4:20:Infinity":8,"b:20:8:20:27:20:27:20:77":3,"s:20:79:20:Infinity":9,"b:21:4:23:Infinity:undefined:undefined:undefined:undefined":4,"s:21:4:23:Infinity":10,"b:21:8:21:30:21:30:21:60":5,"s:22:6:22:Infinity":11,"s:23:6:23:Infinity":12,"s:26:4:26:Infinity":13,"s:27:4:38:Infinity":14,"f:27:4:27:21":2,"s:29:21:34:Infinity":15,"b:30:48:30:64:30:64:30:93":6,"s:35:8:35:Infinity":16,"s:36:8:36:Infinity":17,"s:37:8:37:Infinity":18,"s:41:8:53:Infinity":19,"f:41:8:41:34":3,"s:42:4:42:Infinity":20,"s:43:4:53:Infinity":21,"f:43:4:43:21":4,"s:44:21:49:Infinity":22,"s:50:8:50:Infinity":23,"s:51:8:51:Infinity":24,"s:52:8:52:Infinity":25,"s:56:2:204:Infinity":26,"b:76:24:76:43:76:43:76:Infinity":7,"b:111:13:111:Infinity:112:14:113:Infinity":8,"f:128:20:128:31":5,"s:128:37:128:85":27,"f:146:16:146:27":6,"s:146:33:146:82":28,"f:162:16:162:27":7,"s:162:33:162:85":29,"b:174:16:176:Infinity:176:14:178:Infinity":9,"b:177:28:177:47:177:47:177:57":10,"b:182:11:182:Infinity:183:12:190:Infinity":11,"f:199:14:199:29":8,"s:199:29:199:51":30,"b:202:26:202:63:202:63:202:Infinity":12}}}
,"C:\\Users\\Asus\\Downloads\\crowdease-main\\src\\pages\\LostAndFound.tsx": {"path":"C:\\Users\\Asus\\Downloads\\crowdease-main\\src\\pages\\LostAndFound.tsx","statementMap":{"0":{"start":{"line":6,"column":16},"end":{"line":10,"column":4}},"1":{"start":{"line":11,"column":15},"end":{"line":11,"column":75}},"2":{"start":{"line":12,"column":18},"end":{"line":12,"column":47}},"3":{"start":{"line":14,"column":8},"end":{"line":22,"column":null}},"4":{"start":{"line":15,"column":4},"end":{"line":15,"column":null}},"5":{"start":{"line":16,"column":4},"end":{"line":16,"column":null}},"6":{"start":{"line":16,"column":33},"end":{"line":16,"column":null}},"7":{"start":{"line":17,"column":4},"end":{"line":17,"column":null}},"8":{"start":{"line":18,"column":4},"end":{"line":22,"column":null}},"9":{"start":{"line":19,"column":6},"end":{"line":19,"column":null}},"10":{"start":{"line":20,"column":6},"end":{"line":20,"column":null}},"11":{"start":{"line":21,"column":6},"end":{"line":21,"column":null}},"12":{"start":{"line":25,"column":2},"end":{"line":110,"column":null}},"13":{"start":{"line":38,"column":33},"end":{"line":38,"column":73}},"14":{"start":{"line":50,"column":33},"end":{"line":50,"column":72}},"15":{"start":{"line":61,"column":33},"end":{"line":61,"column":73}},"16":{"start":{"line":92,"column":12},"end":{"line":108,"column":null}}},"fnMap":{"0":{"name":"LostAndFound","decl":{"start":{"line":5,"column":24},"end":{"line":5,"column":39}},"loc":{"start":{"line":5,"column":39},"end":{"line":110,"column":null}},"line":5},"1":{"name":"(anonymous_1)","decl":{"start":{"line":14,"column":8},"end":{"line":14,"column":24}},"loc":{"start":{"line":14,"column":47},"end":{"line":22,"column":null}},"line":14},"2":{"name":"(anonymous_2)","decl":{"start":{"line":18,"column":4},"end":{"line":18,"column":21}},"loc":{"start":{"line":18,"column":21},"end":{"line":22,"column":11}},"line":18},"3":{"name":"(anonymous_3)","decl":{"start":{"line":38,"column":16},"end":{"line":38,"column":27}},"loc":{"start":{"line":38,"column":33},"end":{"line":38,"column":73}},"line":38},"4":{"name":"(anonymous_4)","decl":{"start":{"line":50,"column":16},"end":{"line":50,"column":27}},"loc":{"start":{"line":50,"column":33},"end":{"line":50,"column":72}},"line":50},"5":{"name":"(anonymous_5)","decl":{"start":{"line":61,"column":16},"end":{"line":61,"column":27}},"loc":{"start":{"line":61,"column":33},"end":{"line":61,"column":73}},"line":61},"6":{"name":"(anonymous_6)","decl":{"start":{"line":91,"column":17},"end":{"line":91,"column":22}},"loc":{"start":{"line":92,"column":12},"end":{"line":108,"column":null}},"line":92}},"branchMap":{"0":{"loc":{"start":{"line":16,"column":4},"end":{"line":16,"column":null}},"type":"if","locations":[{"start":{"line":16,"column":4},"end":{"line":16,"column":null}},{"start":{},"end":{}}],"line":16},"1":{"loc":{"start":{"line":16,"column":8},"end":{"line":16,"column":33}},"type":"binary-expr","locations":[{"start":{"line":16,"column":8},"end":{"line":16,"column":22}},{"start":{"line":16,"column":22},"end":{"line":16,"column":33}}],"line":16},"2":{"loc":{"start":{"line":77,"column":13},"end":{"line":77,"column":null}},"type":"cond-expr","locations":[{"start":{"line":77,"column":23},"end":{"line":77,"column":null}},{"start":{"line":77,"column":70},"end":{"line":77,"column":null}}],"line":77}},"s":{"0":1,"1":1,"2":1,"3":1,"4":0,"5":0,"6":0,"7":0,"8":0,"9":0,"10":0,"11":0,"12":1,"13":0,"14":0,"15":0,"16":3},"f":{"0":1,"1":0,"2":0,"3":0,"4":0,"5":0,"6":3},"b":{"0":[0,0],"1":[0,0],"2":[0,1]},"meta":{"lastBranch":3,"lastFunction":7,"lastStatement":17,"seen":{"f:5:24:5:39":0,"s:6:16:10:4":0,"s:11:15:11:75":1,"s:12:18:12:47":2,"s:14:8:22:Infinity":3,"f:14:8:14:24":1,"s:15:4:15:Infinity":4,"b:16:4:16:Infinity:undefined:undefined:undefined:undefined":0,"s:16:4:16:Infinity":5,"b:16:8:16:22:16:22:16:33":1,"s:16:33:16:Infinity":6,"s:17:4:17:Infinity":7,"s:18:4:22:Infinity":8,"f:18:4:18:21":2,"s:19:6:19:Infinity":9,"s:20:6:20:Infinity":10,"s:21:6:21:Infinity":11,"s:25:2:110:Infinity":12,"f:38:16:38:27":3,"s:38:33:38:73":13,"f:50:16:50:27":4,"s:50:33:50:72":14,"f:61:16:61:27":5,"s:61:33:61:73":15,"b:77:23:77:Infinity:77:70:77:Infinity":2,"f:91:17:91:22":6,"s:92:12:108:Infinity":16}}}
,"C:\\Users\\Asus\\Downloads\\crowdease-main\\src\\pages\\Navigation.tsx": {"path":"C:\\Users\\Asus\\Downloads\\crowdease-main\\src\\pages\\Navigation.tsx","statementMap":{"0":{"start":{"line":6,"column":26},"end":{"line":10,"column":null}},"1":{"start":{"line":13,"column":15},"end":{"line":16,"column":null}},"2":{"start":{"line":19,"column":19},"end":{"line":33,"column":null}},"3":{"start":{"line":36,"column":18},"end":{"line":36,"column":47}},"4":{"start":{"line":37,"column":17},"end":{"line":37,"column":45}},"5":{"start":{"line":38,"column":20},"end":{"line":38,"column":48}},"6":{"start":{"line":41,"column":17},"end":{"line":41,"column":null}},"7":{"start":{"line":43,"column":10},"end":{"line":46,"column":4}},"8":{"start":{"line":48,"column":8},"end":{"line":56,"column":null}},"9":{"start":{"line":49,"column":4},"end":{"line":49,"column":null}},"10":{"start":{"line":50,"column":4},"end":{"line":50,"column":null}},"11":{"start":{"line":50,"column":30},"end":{"line":50,"column":null}},"12":{"start":{"line":51,"column":4},"end":{"line":51,"column":null}},"13":{"start":{"line":52,"column":4},"end":{"line":56,"column":null}},"14":{"start":{"line":53,"column":6},"end":{"line":53,"column":null}},"15":{"start":{"line":54,"column":6},"end":{"line":54,"column":null}},"16":{"start":{"line":55,"column":6},"end":{"line":55,"column":null}},"17":{"start":{"line":55,"column":23},"end":{"line":55,"column":39}},"18":{"start":{"line":60,"column":8},"end":{"line":67,"column":17}},"19":{"start":{"line":61,"column":4},"end":{"line":61,"column":null}},"20":{"start":{"line":61,"column":32},"end":{"line":61,"column":null}},"21":{"start":{"line":62,"column":4},"end":{"line":66,"column":null}},"22":{"start":{"line":69,"column":2},"end":{"line":162,"column":null}},"23":{"start":{"line":82,"column":31},"end":{"line":82,"column":73}},"24":{"start":{"line":141,"column":19},"end":{"line":151,"column":null}},"25":{"start":{"line":172,"column":2},"end":{"line":233,"column":null}},"26":{"start":{"line":204,"column":12},"end":{"line":225,"column":null}}},"fnMap":{"0":{"name":"Navigation","decl":{"start":{"line":35,"column":24},"end":{"line":35,"column":37}},"loc":{"start":{"line":35,"column":37},"end":{"line":162,"column":null}},"line":35},"1":{"name":"(anonymous_1)","decl":{"start":{"line":48,"column":8},"end":{"line":48,"column":22}},"loc":{"start":{"line":48,"column":45},"end":{"line":56,"column":null}},"line":48},"2":{"name":"(anonymous_2)","decl":{"start":{"line":52,"column":4},"end":{"line":52,"column":21}},"loc":{"start":{"line":52,"column":21},"end":{"line":56,"column":11}},"line":52},"3":{"name":"(anonymous_3)","decl":{"start":{"line":55,"column":6},"end":{"line":55,"column":23}},"loc":{"start":{"line":55,"column":23},"end":{"line":55,"column":39}},"line":55},"4":{"name":"(anonymous_4)","decl":{"start":{"line":60,"column":20},"end":{"line":60,"c
[...]
n":47},"end":{"line":39,"column":null}},"line":21},"3":{"name":"(anonymous_3)","decl":{"start":{"line":33,"column":4},"end":{"line":33,"column":21}},"loc":{"start":{"line":33,"column":21},"end":{"line":39,"column":12}},"line":33},"4":{"name":"(anonymous_4)","decl":{"start":{"line":38,"column":6},"end":{"line":38,"column":23}},"loc":{"start":{"line":38,"column":23},"end":{"line":38,"column":40}},"line":38},"5":{"name":"(anonymous_5)","decl":{"start":{"line":42,"column":8},"end":{"line":42,"column":28}},"loc":{"start":{"line":42,"column":45},"end":{"line":46,"column":null}},"line":42},"6":{"name":"(anonymous_6)","decl":{"start":{"line":46,"column":4},"end":{"line":46,"column":21}},"loc":{"start":{"line":46,"column":21},"end":{"line":46,"column":39}},"line":46},"7":{"name":"(anonymous_7)","decl":{"start":{"line":57,"column":16},"end":{"line":57,"column":31}},"loc":{"start":{"line":57,"column":31},"end":{"line":57,"column":58}},"line":57},"8":{"name":"(anonymous_8)","decl":{"start":{"line":68,"column":16},"end":{"line":68,"column":31}},"loc":{"start":{"line":68,"column":31},"end":{"line":68,"column":59}},"line":68},"9":{"name":"(anonymous_9)","decl":{"start":{"line":113,"column":30},"end":{"line":113,"column":35}},"loc":{"start":{"line":114,"column":19},"end":{"line":120,"column":null}},"line":114},"10":{"name":"(anonymous_10)","decl":{"start":{"line":145,"column":18},"end":{"line":145,"column":29}},"loc":{"start":{"line":145,"column":35},"end":{"line":145,"column":83}},"line":145},"11":{"name":"(anonymous_11)","decl":{"start":{"line":162,"column":18},"end":{"line":162,"column":29}},"loc":{"start":{"line":162,"column":35},"end":{"line":162,"column":87}},"line":162},"12":{"name":"(anonymous_12)","decl":{"start":{"line":173,"column":18},"end":{"line":173,"column":29}},"loc":{"start":{"line":173,"column":35},"end":{"line":173,"column":74}},"line":173},"13":{"name":"(anonymous_13)","decl":{"start":{"line":201,"column":16},"end":{"line":201,"column":31}},"loc":{"start":{"line":201,"column":31},"end":{"line":201,"column":48}},"line":201}},"branchMap":{"0":{"loc":{"start":{"line":23,"column":4},"end":{"line":23,"column":null}},"type":"if","locations":[{"start":{"line":23,"column":4},"end":{"line":23,"column":null}},{"start":{},"end":{}}],"line":23},"1":{"loc":{"start":{"line":60,"column":19},"end":{"line":61,"column":null}},"type":"binary-expr","locations":[{"start":{"line":60,"column":19},"end":{"line":60,"column":null}},{"start":{"line":61,"column":22},"end":{"line":61,"column":null}}],"line":60},"2":{"loc":{"start":{"line":71,"column":18},"end":{"line":72,"column":null}},"type":"binary-expr","locations":[{"start":{"line":71,"column":18},"end":{"line":71,"column":null}},{"start":{"line":72,"column":24},"end":{"line":72,"column":null}}],"line":71},"3":{"loc":{"start":{"line":79,"column":18},"end":{"line":88,"column":null}},"type":"binary-expr","locations":[{"start":{"line":79,"column":18},"end":{"line":79,"column":null}},{"start":{"line":80,"column":20},"end":{"line":88,"column":null}}],"line":79},"4":{"loc":{"start":{"line":93,"column":11},"end":{"line":102,"column":11}},"type":"binary-expr","locations":[{"start":{"line":93,"column":11},"end":{"line":93,"column":null}},{"start":{"line":94,"column":12},"end":{"line":102,"column":11}}],"line":93},"5":{"loc":{"start":{"line":185,"column":14},"end":{"line":185,"column":null}},"type":"cond-expr","locations":[{"start":{"line":185,"column":24},"end":{"line":185,"column":null}},{"start":{"line":185,"column":124},"end":{"line":185,"column":null}}],"line":185},"6":{"loc":{"start":{"line":190,"column":11},"end":{"line":208,"column":null}},"type":"binary-expr","locations":[{"start":{"line":190,"column":11},"end":{"line":190,"column":null}},{"start":{"line":191,"column":12},"end":{"line":208,"column":null}}],"line":190}},"s":{"0":1,"1":1,"2":1,"3":1,"4":1,"5":1,"6":0,"7":0,"8":1,"9":0,"10":0,"11":0,"12":0,"13":0,"14":0,"15":0,"16":0,"17":0,"18":0,"19":0,"20":0,"21":1,"22":0,"23":0,"24":0,"25":0,"26":1,"27":0,"28":0,"29":3,"30":0,"31":0,"32":0,"33":0},"f":{"0":1,"1":0,"2":0,"3":0,"4":0,"5":0,"6":0,"7":0,"8":0,"9":3,"10":0,"11":0,"12":0,"13":0},"b":{"0":[0,0],"1":[1,0],"2":[1,0],"3":[1,0],"4":[1,0],"5":[0,1],"6":[1,0]},"meta":{"lastBranch":7,"lastFunction":14,"lastStatement":34,"seen":{"f:7:24:7:36":0,"s:8:18:8:47":0,"s:9:18:9:47":1,"s:10:20:10:65":2,"s:11:19:11:87":3,"s:12:26:12:126":4,"s:14:8:18:Infinity":5,"f:14:8:14:35":1,"s:17:22:17:45":6,"s:18:4:18:Infinity":7,"s:21:8:39:Infinity":8,"f:21:8:21:24":2,"s:22:4:22:Infinity":9,"b:23:4:23:Infinity:undefined:undefined:undefined:undefined":0,"s:23:4:23:Infinity":10,"s:23:24:23:Infinity":11,"s:25:4:25:Infinity":12,"s:27:24:31:Infinity":13,"s:33:4:39:Infinity":14,"f:33:4:33:21":3,"s:34:6:34:Infinity":15,"s:35:6:35:Infinity":16,"s:36:6:36:Infinity":17,"s:37:6:37:Infinity":18,"s:38:6:38:Infinity":19,"f:38:6:38:23":4,"s:38:23:38:40":20,"s:42:8:46:Infinity":21,"f:42:8:42:28":5,"s:43:4:43:Infinity":22,"s:45:4:45:Infinity":23,"s:46:4:46:Infinity":24,"f:46:4:46:21":6,"s:46:21:46:39":25,"s:49:2:208:Infinity":26,"f:57:16:57:31":7,"s:57:31:57:58":27,"b:60:19:60:Infinity:61:22:61:Infinity":1,"f:68:16:68:31":8,"s:68:31:68:59":28,"b:71:18:71:Infinity:72:24:72:Infinity":2,"b:79:18:79:Infinity:80:20:88:Infinity":3,"b:93:11:93:Infinity:94:12:102:11":4,"f:113:30:113:35":9,"s:114:19:120:Infinity":29,"f:145:18:145:29":10,"s:145:35:145:83":30,"f:162:18:162:29":11,"s:162:35:162:87":31,"f:173:18:173:29":12,"s:173:35:173:74":32,"b:185:24:185:Infinity:185:124:185:Infinity":5,"b:190:11:190:Infinity:191:12:208:Infinity":6,"f:201:16:201:31":13,"s:201:31:201:48":33}}}
,"C:\\Users\\Asus\\Downloads\\crowdease-main\\src\\pages\\TicketScanner.tsx": {"path":"C:\\Users\\Asus\\Downloads\\crowdease-main\\src\\pages\\TicketScanner.tsx","statementMap":{"0":{"start":{"line":6,"column":19},"end":{"line":6,"column":49}},"1":{"start":{"line":7,"column":17},"end":{"line":7,"column":72}},"2":{"start":{"line":8,"column":19},"end":{"line":8,"column":46}},"3":{"start":{"line":10,"column":8},"end":{"line":20,"column":null}},"4":{"start":{"line":11,"column":4},"end":{"line":11,"column":null}},"5":{"start":{"line":12,"column":4},"end":{"line":12,"column":null}},"6":{"start":{"line":12,"column":19},"end":{"line":12,"column":null}},"7":{"start":{"line":14,"column":4},"end":{"line":14,"column":null}},"8":{"start":{"line":15,"column":4},"end":{"line":15,"column":null}},"9":{"start":{"line":17,"column":4},"end":{"line":20,"column":null}},"10":{"start":{"line":18,"column":6},"end":{"line":18,"column":null}},"11":{"start":{"line":19,"column":6},"end":{"line":19,"column":null}},"12":{"start":{"line":23,"column":2},"end":{"line":110,"column":null}},"13":{"start":{"line":98,"column":32},"end":{"line":98,"column":59}}},"fnMap":{"0":{"name":"TicketScanner","decl":{"start":{"line":5,"column":24},"end":{"line":5,"column":40}},"loc":{"start":{"line":5,"column":40},"end":{"line":110,"column":null}},"line":5},"1":{"name":"(anonymous_1)","decl":{"start":{"line":10,"column":8},"end":{"line":10,"column":26}},"loc":{"start":{"line":10,"column":49},"end":{"line":20,"column":null}},"line":10},"2":{"name":"(anonymous_2)","decl":{"start":{"line":17,"column":4},"end":{"line":17,"column":21}},"loc":{"start":{"line":17,"column":21},"end":{"line":20,"column":12}},"line":17},"3":{"name":"(anonymous_3)","decl":{"start":{"line":98,"column":15},"end":{"line":98,"column":26}},"loc":{"start":{"line":98,"column":32},"end":{"line":98,"column":59}},"line":98}},"branchMap":{"0":{"loc":{"start":{"line":12,"column":4},"end":{"line":12,"column":null}},"type":"if","locations":[{"start":{"line":12,"column":4},"end":{"line":12,"column":null}},{"start":{},"end":{}}],"line":12},"1":{"loc":{"start":{"line":19,"column":16},"end":{"line":19,"column":75}},"type":"cond-expr","locations":[{"start":{"line":19,"column":55},"end":{"line":19,"column":67}},{"start":{"line":19,"column":67},"end":{"line":19,"column":75}}],"line":19},"2":{"loc":{"start":{"line":65,"column":128},"end":{"line":65,"column":null}},"type":"cond-expr","locations":[{"start":{"line":65,"column":139},"end":{"line":65,"column":197}},{"start":{"line":65,"column":197},"end":{"line":65,"column":null}}],"line":65},"3":{"loc":{"start":{"line":66,"column":15},"end":{"line":66,"column":null}},"type":"cond-expr","locations":[{"start":{"line":66,"column":26},"end":{"line":66,"column":44}},{"start":{"line":66,"column":44},"end":{"line":66,"column":null}}],"line":66},"4":{"loc":{"start":{"line":71,"column":12},"end":{"line":78,"column":23}},"type":"binary-expr","locations":[{"start":{"line":71,"column":12},"end":{"line":71,"column":null}},{"start":{"line":72,"column":13},"end":{"line":78,"column":23}}],"line":71},"5":{"loc":{"start":{"line":78,"column":12},"end":{"line":85,"column":null}},"type":"binary-expr","locations":[{"start":{"line":78,"column":12},"end":{"line":78,"column":null}},{"start":{"line":79,"column":13},"end":{"line":85,"column":null}}],"line":78},"6":{"loc":{"start":{"line":106,"column":22},"end":{"line":106,"column":null}},"type":"binary-expr","locations":[{"start":{"line":106,"column":22},"end":{"line":106,"column":34}},{"start":{"line":106,"column":34},"end":{"line":106,"column":null}}],"line":106},"7":{"loc":{"start":{"line":109,"column":13},"end":{"line":109,"column":null}},"type":"cond-expr","locations":[{"start":{"line":109,"column":24},"end":{"line":109,"column":50}},{"start":{"line":109,"column":50},"end":{"line":109,"column":null}}],"line":109}},"s":{"0":1,"1":1,"2":1,"3":1,"4":0,"5":0,"6":0,"7":0,"8":0,"9":0,"10":0,"11":0,"12":1,"13":0},"f":{"0":1,"1":0,"2":0,"3":0},"b":{"0":[0,0],"1":[0,0],"2":[0,1],"3":[0,1],"4":[1,0],"5":[1,0],"6":[1,1],"7":[0,1]},"meta":{"lastBranch":8,"lastFunction":4,"lastStatement":14,"seen":{"f:5:24:5:40":0,"s:6:19:6:49":0,"s:7:17:7:72":1,"s:8:19:8:46":2,"s:10:8:20:Infinity":3,"f:10:8:10:26":1,"s:11:4:11:Infinity":4,"b:12:4:12:Infinity:undefined:undefined:undefined:undefined":0,"s:12:4:12:Infinity":5,"s:12:19:12:Infinity":6,"s:14:4:14:Infinity":7,"s:15:4:15:Infinity":8,"s:17:4:20:Infinity":9,"f:17:4:17:21":2,"s:18:6:18:Infinity":10,"s:19:6:19:Infinity":11,"b:19:55:19:67:19:67:19:75":1,"s:23:2:110:Infinity":12,"b:65:139:65:197:65:197:65:Infinity":2,"b:66:26:66:44:66:44:66:Infinity":3,"b:71:12:71:Infinity:72:13:78:23":4,"b:78:12:78:Infinity:79:13:85:Infinity":5,"f:98:15:98:26":3,"s:98:32:98:59":13,"b:106:22:106:34:106:34:106:Infinity":6,"b:109:24:109:50:109:50:109:Infinity":7}}}
,"C:\\Users\\Asus\\Downloads\\crowdease-main\\src\\pages\\Upgrades.tsx": {"path":"C:\\Users\\Asus\\Downloads\\crowdease-main\\src\\pages\\Upgrades.tsx","statementMap":{"0":{"start":{"line":6,"column":23},"end":{"line":6,"column":71}},"1":{"start":{"line":7,"column":23},"end":{"line":7,"column":57}},"2":{"start":{"line":8,"column":23},"end":{"line":8,"column":71}},"3":{"start":{"line":10,"column":9},"end":{"line":21,"column":null}},"4":{"start":{"line":11,"column":17},"end":{"line":11,"column":19}},"5":{"start":{"line":12,"column":17},"end":{"line":12,"column":null}},"6":{"start":{"line":13,"column":4},"end":{"line":17,"column":null}},"7":{"start":{"line":13,"column":17},"end":{"line":13,"column":20}},"8":{"start":{"line":14,"column":6},"end":{"line":17,"column":null}},"9":{"start":{"line":14,"column":19},"end":{"line":14,"column":22}},"10":{"start":{"line":15,"column":19},"end":{"line":15,"column":null}},"11":{"start":{"line":16,"column":27},"end":{"line":16,"column":null}},"12":{"start":{"line":17,"column":8},"end":{"line":17,"column":null}},"13":{"start":{"line":20,"column":4},"end":{"line":20,"column":null}},"14":{"start":{"line":23,"column":8},"end":{"line":25,"column":null}},"15":{"start":{"line":24,"column":4},"end":{"line":24,"column":null}},"16":{"start":{"line":24,"column":31},"end":{"line":24,"column":null}},"17":{"start":{"line":25,"column":4},"end":{"line":25,"column":null}},"18":{"start":{"line":28,"column":8},"end":{"line":34,"column":null}},"19":{"start":{"line":29,"column":4},"end":{"line":29,"column":null}},"20":{"start":{"line":29,"column":23},"end":{"line":29,"column":null}},"21":{"start":{"line":30,"column":4},"end":{"line":30,"column":null}},"22":{"start":{"line":31,"column":4},"end":{"line":34,"column":null}},"23":{"start":{"line":32,"column":6},"end":{"line":32,"column":null}},"24":{"start":{"line":33,"column":6},"end":{"line":33,"column":null}},"25":{"start":{"line":37,"column":2},"end":{"line":47,"column":null}},"26":{"start":{"line":38,"column":6},"end":{"line":47,"column":null}},"27":{"start":{"line":51,"column":2},"end":{"line":132,"column":null}},"28":{"start":{"line":71,"column":34},"end":{"line":71,"column":null}},"29":{"start":{"line":72,"column":15},"end":{"line":90,"column":null}},"30":{"start":{"line":75,"column":34},"end":{"line":75,"column":71}}},"fnMap":{"0":{"name":"Upgrades","decl":{"start":{"line":5,"column":24},"end":{"line":5,"column":35}},"loc":{"start":{"line":5,"column":35},"end":{"line":132,"column":null}},"line":5},"1":{"name":"(anonymous_1)","decl":{"start":{"line":10,"column":18},"end":{"line":10,"column":33}},"loc":{"start":{"line":10,"column":33},"end":{"line":21,"column":null}},"line":10},"2":{"name":"(anonymous_2)","decl":{"start":{"line":23,"column":8},"end":{"line":23,"column":27}},"loc":{"start":{"line":23,"column":58},"end":{"line":25,"column":null}},"line":23},"3":{"name":"(anonymous_3)","decl":{"start":{"line":28,"column":8},"end":{"line":28,"column":31}},"loc":{"start":{"line":28,"column":31},"end":{"line":34,"column":null}},"line":28},"4":{"name":"(anonymous_4)","decl":{"start":{"line":31,"column":4},"end":{"line":31,"column":21}},"loc":{"start":{"line":31,"column":21},"end":{"line":34,"column":12}},"line":31},"5":{"name":"(anonymous_5)","decl":{"start":{"line":70,"column":20},"end":{"line":70,"column":25}},"loc":{"start":{"line":70,"column":34},"end":{"line":90,"column":null}},"line":70},"6":{"name":"(anonymous_6)","decl":{"start":{"line":75,"column":19},"end":{"line":75,"column":34}},"loc":{"start":{"line":75,"column":34},"end":{"line":75,"column":71}},"line":75}},"branchMap":{"0":{"loc":{"start":{"line":17,"column":32},"end":{"line":17,"column":71}},"type":"cond-expr","locations":[{"start":{"line":17,"column":45},"end":{"line":17,"column":58}},{"start":{"line":17,"column":58},"end":{"line":17,"column":71}}],"line":17},"1":{"loc":{"start":{"line":24,"column":4},"end":{"line":24,"column":null}},"type":"if","locations":[{"start":{"line":24,"column":4},"end":{"line":24,"column":null}},{"start":{},"end":{}}],"line":24},"2":{"loc":{"start":{"line":25,"column":20},"end":{"line":25,"column":52}},"type":"cond-expr","locations":[{"start":{"line":25,"column":42},"end":{"line":25,"column":49}},{"start":{"line":25,"column":49},"end":{"line":25,"column":52}}],"line":25},"3":{"loc":{"start":{"line":29,"column":4},"end":{"line":29,"column":null}},"type":"if","locations":[{"start":{"line":29,"column":4},"end":{"line":29,"column":null}},{"start":{},"end":{}}],"line":29},"4":{"loc":{"start":{"line":37,"column":2},"end":{"line":47,"column":null}},"type":"if","locations":[{"start":{"line":37,"column":2},"end":{"line":47,"column":null}},{"start":{},"end":{}}],"line":37},"5":{"loc":{"start":{"line":77,"column":26},"end":{"line":77,"column":null}},"type":"cond-expr","locations":[{"start":{"line":77,"column":55},"end":{"line":77,"column":73}},{"start":{"line":77,"column":73},"end":{"line":77,"column":null}}],"line":77},"6":{"loc":{"start":{"line":80,"column":23},"end":{"line":80,"column":null}},"type":"cond-expr","locations":[{"start":{"line":80,"column":52},"end":{"line":80,"column":99}},{"start":{"line":80,"column":99},"end":{"line":80,"column":null}}],"line":80},"7":{"loc":{"start":{"line":81,"column":23},"end":{"line":81,"column":null}},"type":"cond-expr","locations":[{"start":{"line":81,"column":68},"end":{"line":81,"column":193}},{"start":{"line":81,"column":193},"end":{"line":81,"column":null}}],"line":81},"8":{"loc":{"start":{"line":81,"column":23},"end":{"line":81,"column":68}},"type":"binary-expr","locations":[{"start":{"line":81,"column":23},"end":{"line":81,"column":54}},{"start":{"line":81,"column":54},"end":{"line":81,"column":68}}],"line":81},"9":{"loc":{"start":{"line":82,"column":23},"end":{"line":82,"column":null}},"type":"cond-expr","locations":[{"start":{"line":82,"column":36},"end":{"line":82,"column":124}},{"start":{"line":82,"column":124},"end":{"line":82,"column":null}}],"line":82},"10":{"loc":{"start":{"line":85,"column":21},"end":{"line":88,"column":null}},"type":"binary-expr","locations":[{"start":{"line":85,"column":21},"end":{"line":85,"column":null}},{"start":{"line":86,"column":22},"end":{"line":88,"column":null}}],"line":85},"11":{"loc":{"start":{"line":104,"column":16},"end":{"line":114,"column":null}},"type":"cond-expr","locations":[{"start":{"line":105,"column":17},"end":{"line":110,"column":null}},{"start":{"line":112,"column":17},"end":{"line":114,"column":null}}],"line":104},"12":{"loc":{"start":{"line":118,"column":25},"end":{"line":118,"column":null}},"type":"binary-expr","locations":[{"start":{"line":118,"column":25},"end":{"line":118,"column":42}},{"start":{"line":118,"column":42},"end":{"line":118,"column":null}}],"line":118},"13":{"loc":{"start":{"line":121,"column":19},"end":{"line":121,"column":null}},"type":"cond-expr","locations":[{"start":{"line":121,"column":51},"end":{"line":121,"column":123}},{"start":{"line":121,"column":123},"end":{"line":121,"column":null}}],"line":121},"14":{"loc":{"start":{"line":121,"column":19},"end":{"line":121,"column":51}},"type":"binary-expr","locations":[{"start":{"line":121,"column":19},"end":{"line":121,"column":35}},{"start":{"line":121,"column":35},"end":{"line":121,"column":51}}],"line":121},"15":{"loc":{"start":{"line":124,"column":16},"end":{"line":127,"column":null}},"type":"cond-expr","locations":[{"start":{"line":125,"column":17},"end":{"line":125,"column":null}},{"start":{"line":127,"column":17},"end":{"line":127,"column":null}}],"line":124}},"s":{"0":1,"1":1,"2":1,"3":1,"4":1,"5":1,"6":1,"7":1,"8":4,"9":4,"10":40,"11":40,"12":40,"13":1,"14":1,"15":0,"16":0,"17":0,"18":1,"19":0,"20":0,"21":0,"22":0,"23":0,"24":0,"25":1,"26":0,"27":1,"28":40,"29":40,"30":0},"f":{"0":1,"1":1,"2":0,"3":0,"4":0,"5":40,"6":0},"b":{"0":[24,16],"1":[0,0],"2":[0,0],"3":[0,0],"4":[0,1],"5":[24,16],"6":[24,16],"7":[16,24],"8":[40,16],"9":[0,40],"10":[40,0],"11":[0,1],"12":[1,0],"13":[0,1],"14":[1,0],"15":[0,1]},"meta":{"lastBranch":16,"lastFunction":7,"lastStatement":31,"seen":{"f:5:24:5:35":0,"s:6:23:6:71":0,"s:7:23:7:57":1,"s:8:23:8:71":2,"s:10:9:21:Infinity":3,"f:10:18:10:33":1,"s:11:17:11:19":4,"s:12:17:12:Infinity":5,"s:13:4:17:Infinity":6,"s:13:17:13:20":7,"s:14:6:17:Infinity":8,"s:14:19:14:22":9,"s:15:19:15:Infinity":10,"s:16:27:16:Infinity":11,"s:17:8:17:Infinity":12,"b:17:45:17:58:17:58:17:71":0,"s:20:4:20:Infinity":13,"s:23:8:25:Infinity":14,"f:23:8:23:27":2,"b:24:4:24:Infinity:undefined:undefined:undefined:undefined":1,"s:24:4:24:Infinity":15,"s:24:31:24:Infinity":16,"s:25:4:25:Infinity":17,"b:25:42:25:49:25:49:25:52":2,"s:28:8:34:Infinity":18,"f:28:8:28:31":3,"b:29:4:29:Infinity:undefined:undefined:undefined:undefined":3,"s:29:4:29:Infinity":19,"s:29:23:29:Infinity":20,"s:30:4:30:Infinity":21,"s:31:4:34:Infinity":22,"f:31:4:31:21":4,"s:32:6:32:Infinity":23,"s:33:6:33:Infinity":24,"b:37:2:47:Infinity:undefined:undefined:undefined:undefined":4,"s:37:2:47:Infinity":25,"s:38:6:47:Infinity":26,"s:51:2:132:Infinity":27,"f:70:20:70:25":5,"s:71:34:71:Infinity":28,"s:72:15:90:Infinity":29,"f:75:19:75:34":6,"s:75:34:75:71":30,"b:77:55:77:73:77:73:77:Infinity":5,"b:80:52:80:99:80:99:80:Infinity":6,"b:81:68:81:193:81:193:81:Infinity":7,"b:81:23:81:54:81:54:81:68":8,"b:82:36:82:124:82:124:82:Infinity":9,"b:85:21:85:Infinity:86:22:88:Infinity":10,"b:105:17:110:Infinity:112:17:114:Infinity":11,"b:118:25:118:42:118:42:118:Infinity":12,"b:121:51:121:123:121:123:121:Infinity":13,"b:121:19:121:35:121:35:121:51":14,"b:125:17:125:Infinity:127:17:127:Infinity":15}}}
}
